{"uid":"1a4dae8b4d62d61f","name":"test_menu","fullName":"tests.test_widgets.TestMenu#test_menu","historyId":"b02dfde154c756d74b4a7f461d304a7c","time":{"start":1727385802156,"stop":1727385814524,"duration":12368},"description":"Can open the menu/submenu, menu items have correct names","descriptionHtml":"<p>Can open the menu/submenu, menu items have correct names</p>\n","status":"broken","statusMessage":"selenium.common.exceptions.TimeoutException: Message: Can't find element by locator <selenium.webdriver.remote.webelement.WebElement (session=\"e3799f7df715f665ef36419666d53c80\", element=\"f.064F3757B3B236C420696A9EF40A39E9.d.479765E412DC55ABBEE2B1254A722A2B.e.38\")>","statusTrace":"self = <test_widgets.TestWidgets.TestMenu object at 0x7f5ab8ab87d0>\ndriver = <selenium.webdriver.chrome.webdriver.WebDriver (session=\"e3799f7df715f665ef36419666d53c80\")>\n\n    @allure.description('Can open the menu/submenu, menu items have correct names')\n    def test_menu(self, driver):\n        expected_item_names = [\n            'Main Item 1',\n            'Main Item 2',\n            'Sub Item',\n            'Sub Item',\n            'SUB SUB LIST »',\n            'Sub Sub Item 1',\n            'Sub Sub Item 2',\n            'Main Item 3'\n        ]\n        page = MenuPage(driver, URL.MENU)\n        page.open_page()\n    \n>       menu_items = page.get_menu_items_names()\n\ntests/test_widgets.py:180: \n_ _ _ _ _ _ _ _ _ _ _ _ _ _ _ _ _ _ _ _ _ _ _ _ _ _ _ _ _ _ _ _ _ _ _ _ _ _ _ _ \npages/widgets_page.py:212: in get_menu_items_names\n    self.move_to_element(item)\npages/base_page.py:99: in move_to_element\n    element = self.find_element(locator)\npages/base_page.py:22: in find_element\n    return self.wait.until(EC.element_to_be_clickable(locator),\n_ _ _ _ _ _ _ _ _ _ _ _ _ _ _ _ _ _ _ _ _ _ _ _ _ _ _ _ _ _ _ _ _ _ _ _ _ _ _ _ \n\nself = <selenium.webdriver.support.wait.WebDriverWait (session=\"e3799f7df715f665ef36419666d53c80\")>\nmethod = <function element_to_be_clickable.<locals>._predicate at 0x7f5ab715a340>\nmessage = 'Can\\'t find element by locator <selenium.webdriver.remote.webelement.WebElement (session=\"e3799f7df715f665ef36419666d53c80\", element=\"f.064F3757B3B236C420696A9EF40A39E9.d.479765E412DC55ABBEE2B1254A722A2B.e.38\")>'\n\n    def until(self, method: Callable[[D], Union[Literal[False], T]], message: str = \"\") -> T:\n        \"\"\"Calls the method provided with the driver as an argument until the \\\n        return value does not evaluate to ``False``.\n    \n        :param method: callable(WebDriver)\n        :param message: optional message for :exc:`TimeoutException`\n        :returns: the result of the last call to `method`\n        :raises: :exc:`selenium.common.exceptions.TimeoutException` if timeout occurs\n        \"\"\"\n        screen = None\n        stacktrace = None\n    \n        end_time = time.monotonic() + self._timeout\n        while True:\n            try:\n                value = method(self._driver)\n                if value:\n                    return value\n            except self._ignored_exceptions as exc:\n                screen = getattr(exc, \"screen\", None)\n                stacktrace = getattr(exc, \"stacktrace\", None)\n            time.sleep(self._poll)\n            if time.monotonic() > end_time:\n                break\n>       raise TimeoutException(message, screen, stacktrace)\nE       selenium.common.exceptions.TimeoutException: Message: Can't find element by locator <selenium.webdriver.remote.webelement.WebElement (session=\"e3799f7df715f665ef36419666d53c80\", element=\"f.064F3757B3B236C420696A9EF40A39E9.d.479765E412DC55ABBEE2B1254A722A2B.e.38\")>\n\n/usr/local/lib/python3.12/site-packages/selenium/webdriver/support/wait.py:105: TimeoutException","flaky":false,"newFailed":false,"newBroken":true,"newPassed":false,"retriesCount":0,"retriesStatusChange":false,"beforeStages":[{"name":"_session_faker","time":{"start":1727385594392,"stop":1727385594417,"duration":25},"status":"passed","steps":[],"attachments":[],"parameters":[],"shouldDisplayMessage":false,"stepsCount":0,"attachmentsCount":0,"hasContent":false,"attachmentStep":false},{"name":"driver","time":{"start":1727385801837,"stop":1727385802155,"duration":318},"status":"passed","steps":[],"attachments":[],"parameters":[],"shouldDisplayMessage":false,"stepsCount":0,"attachmentsCount":0,"hasContent":false,"attachmentStep":false}],"testStage":{"description":"Can open the menu/submenu, menu items have correct names","status":"broken","statusMessage":"selenium.common.exceptions.TimeoutException: Message: Can't find element by locator <selenium.webdriver.remote.webelement.WebElement (session=\"e3799f7df715f665ef36419666d53c80\", element=\"f.064F3757B3B236C420696A9EF40A39E9.d.479765E412DC55ABBEE2B1254A722A2B.e.38\")>","statusTrace":"self = <test_widgets.TestWidgets.TestMenu object at 0x7f5ab8ab87d0>\ndriver = <selenium.webdriver.chrome.webdriver.WebDriver (session=\"e3799f7df715f665ef36419666d53c80\")>\n\n    @allure.description('Can open the menu/submenu, menu items have correct names')\n    def test_menu(self, driver):\n        expected_item_names = [\n            'Main Item 1',\n            'Main Item 2',\n            'Sub Item',\n            'Sub Item',\n            'SUB SUB LIST »',\n            'Sub Sub Item 1',\n            'Sub Sub Item 2',\n            'Main Item 3'\n        ]\n        page = MenuPage(driver, URL.MENU)\n        page.open_page()\n    \n>       menu_items = page.get_menu_items_names()\n\ntests/test_widgets.py:180: \n_ _ _ _ _ _ _ _ _ _ _ _ _ _ _ _ _ _ _ _ _ _ _ _ _ _ _ _ _ _ _ _ _ _ _ _ _ _ _ _ \npages/widgets_page.py:212: in get_menu_items_names\n    self.move_to_element(item)\npages/base_page.py:99: in move_to_element\n    element = self.find_element(locator)\npages/base_page.py:22: in find_element\n    return self.wait.until(EC.element_to_be_clickable(locator),\n_ _ _ _ _ _ _ _ _ _ _ _ _ _ _ _ _ _ _ _ _ _ _ _ _ _ _ _ _ _ _ _ _ _ _ _ _ _ _ _ \n\nself = <selenium.webdriver.support.wait.WebDriverWait (session=\"e3799f7df715f665ef36419666d53c80\")>\nmethod = <function element_to_be_clickable.<locals>._predicate at 0x7f5ab715a340>\nmessage = 'Can\\'t find element by locator <selenium.webdriver.remote.webelement.WebElement (session=\"e3799f7df715f665ef36419666d53c80\", element=\"f.064F3757B3B236C420696A9EF40A39E9.d.479765E412DC55ABBEE2B1254A722A2B.e.38\")>'\n\n    def until(self, method: Callable[[D], Union[Literal[False], T]], message: str = \"\") -> T:\n        \"\"\"Calls the method provided with the driver as an argument until the \\\n        return value does not evaluate to ``False``.\n    \n        :param method: callable(WebDriver)\n        :param message: optional message for :exc:`TimeoutException`\n        :returns: the result of the last call to `method`\n        :raises: :exc:`selenium.common.exceptions.TimeoutException` if timeout occurs\n        \"\"\"\n        screen = None\n        stacktrace = None\n    \n        end_time = time.monotonic() + self._timeout\n        while True:\n            try:\n                value = method(self._driver)\n                if value:\n                    return value\n            except self._ignored_exceptions as exc:\n                screen = getattr(exc, \"screen\", None)\n                stacktrace = getattr(exc, \"stacktrace\", None)\n            time.sleep(self._poll)\n            if time.monotonic() > end_time:\n                break\n>       raise TimeoutException(message, screen, stacktrace)\nE       selenium.common.exceptions.TimeoutException: Message: Can't find element by locator <selenium.webdriver.remote.webelement.WebElement (session=\"e3799f7df715f665ef36419666d53c80\", element=\"f.064F3757B3B236C420696A9EF40A39E9.d.479765E412DC55ABBEE2B1254A722A2B.e.38\")>\n\n/usr/local/lib/python3.12/site-packages/selenium/webdriver/support/wait.py:105: TimeoutException","steps":[{"name":"Open https://demoqa.com/menu page","time":{"start":1727385802156,"stop":1727385803280,"duration":1124},"status":"passed","steps":[],"attachments":[],"parameters":[],"shouldDisplayMessage":false,"stepsCount":0,"attachmentsCount":0,"hasContent":false,"attachmentStep":false},{"name":"Hover over menu items and get their names","time":{"start":1727385803280,"stop":1727385814523,"duration":11243},"status":"broken","statusMessage":"selenium.common.exceptions.TimeoutException: Message: Can't find element by locator <selenium.webdriver.remote.webelement.WebElement (session=\"e3799f7df715f665ef36419666d53c80\", element=\"f.064F3757B3B236C420696A9EF40A39E9.d.479765E412DC55ABBEE2B1254A722A2B.e.38\")>\n\n","statusTrace":"  File \"/usr/local/lib/python3.12/site-packages/allure_commons/_allure.py\", line 192, in impl\n    return func(*a, **kw)\n           ^^^^^^^^^^^^^^\n  File \"/test_project/pages/widgets_page.py\", line 212, in get_menu_items_names\n    self.move_to_element(item)\n  File \"/test_project/pages/base_page.py\", line 99, in move_to_element\n    element = self.find_element(locator)\n              ^^^^^^^^^^^^^^^^^^^^^^^^^^\n  File \"/test_project/pages/base_page.py\", line 22, in find_element\n    return self.wait.until(EC.element_to_be_clickable(locator),\n           ^^^^^^^^^^^^^^^^^^^^^^^^^^^^^^^^^^^^^^^^^^^^^^^^^^^^\n  File \"/usr/local/lib/python3.12/site-packages/selenium/webdriver/support/wait.py\", line 105, in until\n    raise TimeoutException(message, screen, stacktrace)\n","steps":[],"attachments":[],"parameters":[],"shouldDisplayMessage":true,"stepsCount":0,"attachmentsCount":0,"hasContent":true,"attachmentStep":false}],"attachments":[{"uid":"9ca8e1c80e3ab68d","name":"stdout","source":"9ca8e1c80e3ab68d.txt","type":"text/plain","size":36}],"parameters":[],"shouldDisplayMessage":true,"stepsCount":2,"attachmentsCount":1,"hasContent":true,"attachmentStep":false},"afterStages":[{"name":"driver::0","time":{"start":1727385814540,"stop":1727385814797,"duration":257},"status":"passed","steps":[],"attachments":[{"uid":"2c8307f2b468288b","name":"Screenshot 2024-09-26 21:23:34.722516","source":"2c8307f2b468288b.png","type":"image/png","size":479375}],"parameters":[],"shouldDisplayMessage":false,"stepsCount":0,"attachmentsCount":1,"hasContent":true,"attachmentStep":false}],"labels":[{"name":"feature","value":"Menu"},{"name":"suite","value":"Widgets"},{"name":"parentSuite","value":"tests"},{"name":"subSuite","value":"TestWidgets"},{"name":"host","value":"c2f2b73e625d"},{"name":"thread","value":"8-MainThread"},{"name":"framework","value":"pytest"},{"name":"language","value":"cpython3"},{"name":"package","value":"tests.test_widgets"},{"name":"resultFormat","value":"allure2"}],"parameters":[],"links":[],"hidden":false,"retry":false,"extra":{"severity":"normal","retries":[],"categories":[{"name":"Test defects","matchedStatuses":[],"flaky":false}],"history":{"statistic":{"failed":0,"broken":2,"skipped":0,"passed":2,"unknown":0,"total":4},"items":[{"uid":"f96f90b2027ee27e","status":"passed","time":{"start":1727384685827,"stop":1727384692160,"duration":6333}},{"uid":"c600834697fb829","status":"passed","time":{"start":1727306182647,"stop":1727306186738,"duration":4091}},{"uid":"c4b00dc030b63a36","status":"broken","statusDetails":"selenium.common.exceptions.TimeoutException: Message: Can't find element by locator <selenium.webdriver.remote.webelement.WebElement (session=\"d43bf6f3e760a87b5584572527adaa9f\", element=\"f.A4B7B68EB004E8065EE72F27ECBBFB63.d.C4C3130B979EA858693812199098E977.e.26\")>","time":{"start":1727299739809,"stop":1727299752574,"duration":12765}}]},"tags":[]},"source":"1a4dae8b4d62d61f.json","parameterValues":[]}