{"uid":"1eb6c577763786ee","name":"test_modal_dialogs","fullName":"tests.test_alerts_frame_windows.TestModalDialogs#test_modal_dialogs","historyId":"02175b1ced05b94c592e3cd62c53be91","time":{"start":1727388021341,"stop":1727388032043,"duration":10702},"description":"Check page with the modal dialogs","descriptionHtml":"<p>Check page with the modal dialogs</p>\n","status":"broken","statusMessage":"selenium.common.exceptions.TimeoutException: Message: Can't find element by locator ('css selector', '#showSmallModal')\nStacktrace:\n#0 0x56193a6ba10a <unknown>\n#1 0x56193a3a05e0 <unknown>\n#2 0x56193a3efbe8 <unknown>\n#3 0x56193a3efe81 <unknown>\n#4 0x56193a4368c4 <unknown>\n#5 0x56193a414b4d <unknown>\n#6 0x56193a433d7d <unknown>\n#7 0x56193a4148c3 <unknown>\n#8 0x56193a3e26b3 <unknown>\n#9 0x56193a3e368e <unknown>\n#10 0x56193a684b0b <unknown>\n#11 0x56193a688a91 <unknown>\n#12 0x56193a671305 <unknown>\n#13 0x56193a689612 <unknown>\n#14 0x56193a65646f <unknown>\n#15 0x56193a6a9008 <unknown>\n#16 0x56193a6a91d3 <unknown>\n#17 0x56193a6b8f5c <unknown>\n#18 0x7f691c528144 <unknown>","statusTrace":"self = <test_alerts_frame_windows.TestModalDialogs object at 0x7fc73171d910>\ndriver = <selenium.webdriver.chrome.webdriver.WebDriver (session=\"d1d56b76170be6b143474d3e8ffd3b10\")>\ncheck = <pytest_check.context_manager.CheckContextManager object at 0x7fc731d096d0>\n\n    @allure.description('Check page with the modal dialogs')\n    def test_modal_dialogs(self, driver, check):\n        page = ModalDialogsPage(driver, URL.MODAL_DIALOGS)\n        page.open_page()\n    \n>       small_modal, large_modal = page.check_modal()\n\ntests/test_alerts_frame_windows.py:98: \n_ _ _ _ _ _ _ _ _ _ _ _ _ _ _ _ _ _ _ _ _ _ _ _ _ _ _ _ _ _ _ _ _ _ _ _ _ _ _ _ \npages/alert_frame_window_page.py:119: in check_modal\n    self.find_element(self.locators.SMALL_MODAL_BTN).click()\npages/base_page.py:22: in find_element\n    return self.wait.until(EC.element_to_be_clickable(locator),\n_ _ _ _ _ _ _ _ _ _ _ _ _ _ _ _ _ _ _ _ _ _ _ _ _ _ _ _ _ _ _ _ _ _ _ _ _ _ _ _ \n\nself = <selenium.webdriver.support.wait.WebDriverWait (session=\"d1d56b76170be6b143474d3e8ffd3b10\")>\nmethod = <function element_to_be_clickable.<locals>._predicate at 0x7fc72f629b20>\nmessage = \"Can't find element by locator ('css selector', '#showSmallModal')\"\n\n    def until(self, method: Callable[[D], Union[Literal[False], T]], message: str = \"\") -> T:\n        \"\"\"Calls the method provided with the driver as an argument until the \\\n        return value does not evaluate to ``False``.\n    \n        :param method: callable(WebDriver)\n        :param message: optional message for :exc:`TimeoutException`\n        :returns: the result of the last call to `method`\n        :raises: :exc:`selenium.common.exceptions.TimeoutException` if timeout occurs\n        \"\"\"\n        screen = None\n        stacktrace = None\n    \n        end_time = time.monotonic() + self._timeout\n        while True:\n            try:\n                value = method(self._driver)\n                if value:\n                    return value\n            except self._ignored_exceptions as exc:\n                screen = getattr(exc, \"screen\", None)\n                stacktrace = getattr(exc, \"stacktrace\", None)\n            time.sleep(self._poll)\n            if time.monotonic() > end_time:\n                break\n>       raise TimeoutException(message, screen, stacktrace)\nE       selenium.common.exceptions.TimeoutException: Message: Can't find element by locator ('css selector', '#showSmallModal')\nE       Stacktrace:\nE       #0 0x56193a6ba10a <unknown>\nE       #1 0x56193a3a05e0 <unknown>\nE       #2 0x56193a3efbe8 <unknown>\nE       #3 0x56193a3efe81 <unknown>\nE       #4 0x56193a4368c4 <unknown>\nE       #5 0x56193a414b4d <unknown>\nE       #6 0x56193a433d7d <unknown>\nE       #7 0x56193a4148c3 <unknown>\nE       #8 0x56193a3e26b3 <unknown>\nE       #9 0x56193a3e368e <unknown>\nE       #10 0x56193a684b0b <unknown>\nE       #11 0x56193a688a91 <unknown>\nE       #12 0x56193a671305 <unknown>\nE       #13 0x56193a689612 <unknown>\nE       #14 0x56193a65646f <unknown>\nE       #15 0x56193a6a9008 <unknown>\nE       #16 0x56193a6a91d3 <unknown>\nE       #17 0x56193a6b8f5c <unknown>\nE       #18 0x7f691c528144 <unknown>\n\n/usr/local/lib/python3.12/site-packages/selenium/webdriver/support/wait.py:105: TimeoutException","flaky":false,"newFailed":false,"newBroken":true,"newPassed":false,"retriesCount":0,"retriesStatusChange":false,"beforeStages":[{"name":"_session_faker","time":{"start":1727387997189,"stop":1727387997214,"duration":25},"status":"passed","steps":[],"attachments":[],"parameters":[],"shouldDisplayMessage":false,"stepsCount":0,"attachmentsCount":0,"hasContent":false,"attachmentStep":false},{"name":"driver","time":{"start":1727388021010,"stop":1727388021340,"duration":330},"status":"passed","steps":[],"attachments":[],"parameters":[],"shouldDisplayMessage":false,"stepsCount":0,"attachmentsCount":0,"hasContent":false,"attachmentStep":false},{"name":"check","time":{"start":1727388021340,"stop":1727388021340,"duration":0},"status":"passed","steps":[],"attachments":[],"parameters":[],"shouldDisplayMessage":false,"stepsCount":0,"attachmentsCount":0,"hasContent":false,"attachmentStep":false}],"testStage":{"description":"Check page with the modal dialogs","status":"broken","statusMessage":"selenium.common.exceptions.TimeoutException: Message: Can't find element by locator ('css selector', '#showSmallModal')\nStacktrace:\n#0 0x56193a6ba10a <unknown>\n#1 0x56193a3a05e0 <unknown>\n#2 0x56193a3efbe8 <unknown>\n#3 0x56193a3efe81 <unknown>\n#4 0x56193a4368c4 <unknown>\n#5 0x56193a414b4d <unknown>\n#6 0x56193a433d7d <unknown>\n#7 0x56193a4148c3 <unknown>\n#8 0x56193a3e26b3 <unknown>\n#9 0x56193a3e368e <unknown>\n#10 0x56193a684b0b <unknown>\n#11 0x56193a688a91 <unknown>\n#12 0x56193a671305 <unknown>\n#13 0x56193a689612 <unknown>\n#14 0x56193a65646f <unknown>\n#15 0x56193a6a9008 <unknown>\n#16 0x56193a6a91d3 <unknown>\n#17 0x56193a6b8f5c <unknown>\n#18 0x7f691c528144 <unknown>","statusTrace":"self = <test_alerts_frame_windows.TestModalDialogs object at 0x7fc73171d910>\ndriver = <selenium.webdriver.chrome.webdriver.WebDriver (session=\"d1d56b76170be6b143474d3e8ffd3b10\")>\ncheck = <pytest_check.context_manager.CheckContextManager object at 0x7fc731d096d0>\n\n    @allure.description('Check page with the modal dialogs')\n    def test_modal_dialogs(self, driver, check):\n        page = ModalDialogsPage(driver, URL.MODAL_DIALOGS)\n        page.open_page()\n    \n>       small_modal, large_modal = page.check_modal()\n\ntests/test_alerts_frame_windows.py:98: \n_ _ _ _ _ _ _ _ _ _ _ _ _ _ _ _ _ _ _ _ _ _ _ _ _ _ _ _ _ _ _ _ _ _ _ _ _ _ _ _ \npages/alert_frame_window_page.py:119: in check_modal\n    self.find_element(self.locators.SMALL_MODAL_BTN).click()\npages/base_page.py:22: in find_element\n    return self.wait.until(EC.element_to_be_clickable(locator),\n_ _ _ _ _ _ _ _ _ _ _ _ _ _ _ _ _ _ _ _ _ _ _ _ _ _ _ _ _ _ _ _ _ _ _ _ _ _ _ _ \n\nself = <selenium.webdriver.support.wait.WebDriverWait (session=\"d1d56b76170be6b143474d3e8ffd3b10\")>\nmethod = <function element_to_be_clickable.<locals>._predicate at 0x7fc72f629b20>\nmessage = \"Can't find element by locator ('css selector', '#showSmallModal')\"\n\n    def until(self, method: Callable[[D], Union[Literal[False], T]], message: str = \"\") -> T:\n        \"\"\"Calls the method provided with the driver as an argument until the \\\n        return value does not evaluate to ``False``.\n    \n        :param method: callable(WebDriver)\n        :param message: optional message for :exc:`TimeoutException`\n        :returns: the result of the last call to `method`\n        :raises: :exc:`selenium.common.exceptions.TimeoutException` if timeout occurs\n        \"\"\"\n        screen = None\n        stacktrace = None\n    \n        end_time = time.monotonic() + self._timeout\n        while True:\n            try:\n                value = method(self._driver)\n                if value:\n                    return value\n            except self._ignored_exceptions as exc:\n                screen = getattr(exc, \"screen\", None)\n                stacktrace = getattr(exc, \"stacktrace\", None)\n            time.sleep(self._poll)\n            if time.monotonic() > end_time:\n                break\n>       raise TimeoutException(message, screen, stacktrace)\nE       selenium.common.exceptions.TimeoutException: Message: Can't find element by locator ('css selector', '#showSmallModal')\nE       Stacktrace:\nE       #0 0x56193a6ba10a <unknown>\nE       #1 0x56193a3a05e0 <unknown>\nE       #2 0x56193a3efbe8 <unknown>\nE       #3 0x56193a3efe81 <unknown>\nE       #4 0x56193a4368c4 <unknown>\nE       #5 0x56193a414b4d <unknown>\nE       #6 0x56193a433d7d <unknown>\nE       #7 0x56193a4148c3 <unknown>\nE       #8 0x56193a3e26b3 <unknown>\nE       #9 0x56193a3e368e <unknown>\nE       #10 0x56193a684b0b <unknown>\nE       #11 0x56193a688a91 <unknown>\nE       #12 0x56193a671305 <unknown>\nE       #13 0x56193a689612 <unknown>\nE       #14 0x56193a65646f <unknown>\nE       #15 0x56193a6a9008 <unknown>\nE       #16 0x56193a6a91d3 <unknown>\nE       #17 0x56193a6b8f5c <unknown>\nE       #18 0x7f691c528144 <unknown>\n\n/usr/local/lib/python3.12/site-packages/selenium/webdriver/support/wait.py:105: TimeoutException","steps":[{"name":"Open https://demoqa.com/modal-dialogs page","time":{"start":1727388021341,"stop":1727388021766,"duration":425},"status":"passed","steps":[],"attachments":[],"parameters":[],"shouldDisplayMessage":false,"stepsCount":0,"attachmentsCount":0,"hasContent":false,"attachmentStep":false},{"name":"Open small/large model, get title text and body text length","time":{"start":1727388021766,"stop":1727388032042,"duration":10276},"status":"broken","statusMessage":"selenium.common.exceptions.TimeoutException: Message: Can't find element by locator ('css selector', '#showSmallModal')\nStacktrace:\n#0 0x56193a6ba10a <unknown>\n#1 0x56193a3a05e0 <unknown>\n#2 0x56193a3efbe8 <unknown>\n#3 0x56193a3efe81 <unknown>\n#4 0x56193a4368c4 <unknown>\n#5 0x56193a414b4d <unknown>\n#6 0x56193a433d7d <unknown>\n#7 0x56193a4148c3 <unknown>\n#8 0x56193a3e26b3 <unknown>\n#9 0x56193a3e368e <unknown>\n#10 0x56193a684b0b <unknown>\n#11 0x56193a688a91 <unknown>\n#12 0x56193a671305 <unknown>\n#13 0x56193a689612 <unknown>\n#14 0x56193a65646f <unknown>\n#15 0x56193a6a9008 <unknown>\n#16 0x56193a6a91d3 <unknown>\n#17 0x56193a6b8f5c <unknown>\n#18 0x7f691c528144 <unknown>\n\n","statusTrace":"  File \"/usr/local/lib/python3.12/site-packages/allure_commons/_allure.py\", line 192, in impl\n    return func(*a, **kw)\n           ^^^^^^^^^^^^^^\n  File \"/test_project/pages/alert_frame_window_page.py\", line 119, in check_modal\n    self.find_element(self.locators.SMALL_MODAL_BTN).click()\n    ^^^^^^^^^^^^^^^^^^^^^^^^^^^^^^^^^^^^^^^^^^^^^^^^\n  File \"/test_project/pages/base_page.py\", line 22, in find_element\n    return self.wait.until(EC.element_to_be_clickable(locator),\n           ^^^^^^^^^^^^^^^^^^^^^^^^^^^^^^^^^^^^^^^^^^^^^^^^^^^^\n  File \"/usr/local/lib/python3.12/site-packages/selenium/webdriver/support/wait.py\", line 105, in until\n    raise TimeoutException(message, screen, stacktrace)\n","steps":[],"attachments":[],"parameters":[],"shouldDisplayMessage":true,"stepsCount":0,"attachmentsCount":0,"hasContent":true,"attachmentStep":false}],"attachments":[{"uid":"8ecdbbac3f611e64","name":"stdout","source":"8ecdbbac3f611e64.txt","type":"text/plain","size":22}],"parameters":[],"shouldDisplayMessage":true,"stepsCount":2,"attachmentsCount":1,"hasContent":true,"attachmentStep":false},"afterStages":[{"name":"driver::0","time":{"start":1727388035969,"stop":1727388036475,"duration":506},"status":"passed","steps":[],"attachments":[{"uid":"b05abd1d069f59c9","name":"Screenshot 2024-09-26 22:00:36.401116","source":"b05abd1d069f59c9.png","type":"image/png","size":521289}],"parameters":[],"shouldDisplayMessage":false,"stepsCount":0,"attachmentsCount":1,"hasContent":true,"attachmentStep":false}],"labels":[{"name":"feature","value":"Modal Dialogs"},{"name":"parentSuite","value":"tests"},{"name":"suite","value":"test_alerts_frame_windows"},{"name":"subSuite","value":"TestModalDialogs"},{"name":"host","value":"2bb5826b5185"},{"name":"thread","value":"8-MainThread"},{"name":"framework","value":"pytest"},{"name":"language","value":"cpython3"},{"name":"package","value":"tests.test_alerts_frame_windows"},{"name":"resultFormat","value":"allure2"}],"parameters":[],"links":[],"hidden":false,"retry":false,"extra":{"severity":"normal","retries":[],"categories":[{"name":"Test defects","matchedStatuses":[],"flaky":false}],"history":{"statistic":{"failed":0,"broken":1,"skipped":0,"passed":4,"unknown":0,"total":5},"items":[{"uid":"50f007f4aebdafa9","status":"passed","time":{"start":1727385615160,"stop":1727385618363,"duration":3203}},{"uid":"3dd1f478e18e1a93","status":"passed","time":{"start":1727384432427,"stop":1727384438557,"duration":6130}},{"uid":"fcf0946dfea8aba7","status":"passed","time":{"start":1727305982725,"stop":1727305986553,"duration":3828}},{"uid":"472f71bb0902b13f","status":"passed","time":{"start":1727299535138,"stop":1727299539208,"duration":4070}}]},"tags":[]},"source":"1eb6c577763786ee.json","parameterValues":[]}