{"uid":"5bf6513b5be6abbd","name":"test_radio_button[No]","fullName":"tests.test_elements.TestRadioButton#test_radio_button","historyId":"811ef0d01f787a56ad9901a2ad4cd845","time":{"start":1728682626659,"stop":1728682638086,"duration":11427},"description":"Name of ticked radiobutton match the output result","descriptionHtml":"<p>Name of ticked radiobutton match the output result</p>\n","status":"broken","statusMessage":"selenium.common.exceptions.TimeoutException: Message: Can't find element by locator ('css selector', '.text-success')\nStacktrace:\n#0 0x55a3f57b6b9a <unknown>\n#1 0x55a3f549c670 <unknown>\n#2 0x55a3f54ebc48 <unknown>\n#3 0x55a3f54ebee1 <unknown>\n#4 0x55a3f5532924 <unknown>\n#5 0x55a3f5510bad <unknown>\n#6 0x55a3f552fdd6 <unknown>\n#7 0x55a3f5510923 <unknown>\n#8 0x55a3f54de6e7 <unknown>\n#9 0x55a3f54df6de <unknown>\n#10 0x55a3f578066b <unknown>\n#11 0x55a3f5784611 <unknown>\n#12 0x55a3f576c4e5 <unknown>\n#13 0x55a3f5785192 <unknown>\n#14 0x55a3f57516ef <unknown>\n#15 0x55a3f57a59d8 <unknown>\n#16 0x55a3f57a5ba7 <unknown>\n#17 0x55a3f57b59ec <unknown>\n#18 0x7f1aed7f1144 <unknown>","statusTrace":"self = <test_elements.TestElements.TestRadioButton object at 0x7fdb6e853950>\ndriver = <selenium.webdriver.chrome.webdriver.WebDriver (session=\"9fd2e8b1cb052562baf874f31465202d\")>\nbutton_name = 'No'\n\n    @allure.description('Name of ticked radiobutton match the output result')\n    @pytest.mark.parametrize('button_name', ['Yes', 'Impressive', 'No'])\n    def test_radio_button(self, driver, button_name):\n        page = RadioButtonPage(driver, URL.RADIO_BUTTON)\n        page.open_page()\n    \n        page.click_radio_button(button_name)\n>       output = page.get_output_result_text()\n\ntests/test_elements.py:55: \n_ _ _ _ _ _ _ _ _ _ _ _ _ _ _ _ _ _ _ _ _ _ _ _ _ _ _ _ _ _ _ _ _ _ _ _ _ _ _ _ \npages/elements_page.py:88: in get_output_result_text\n    return self.find_element(self.locators.OUTPUT_RESULT).text\npages/base_page.py:22: in find_element\n    return self.wait.until(EC.element_to_be_clickable(locator),\n_ _ _ _ _ _ _ _ _ _ _ _ _ _ _ _ _ _ _ _ _ _ _ _ _ _ _ _ _ _ _ _ _ _ _ _ _ _ _ _ \n\nself = <selenium.webdriver.support.wait.WebDriverWait (session=\"9fd2e8b1cb052562baf874f31465202d\")>\nmethod = <function element_to_be_clickable.<locals>._predicate at 0x7fdb6e3dbe20>\nmessage = \"Can't find element by locator ('css selector', '.text-success')\"\n\n    def until(self, method: Callable[[D], Union[Literal[False], T]], message: str = \"\") -> T:\n        \"\"\"Calls the method provided with the driver as an argument until the \\\n        return value does not evaluate to ``False``.\n    \n        :param method: callable(WebDriver)\n        :param message: optional message for :exc:`TimeoutException`\n        :returns: the result of the last call to `method`\n        :raises: :exc:`selenium.common.exceptions.TimeoutException` if timeout occurs\n        \"\"\"\n        screen = None\n        stacktrace = None\n    \n        end_time = time.monotonic() + self._timeout\n        while True:\n            try:\n                value = method(self._driver)\n                if value:\n                    return value\n            except self._ignored_exceptions as exc:\n                screen = getattr(exc, \"screen\", None)\n                stacktrace = getattr(exc, \"stacktrace\", None)\n            time.sleep(self._poll)\n            if time.monotonic() > end_time:\n                break\n>       raise TimeoutException(message, screen, stacktrace)\nE       selenium.common.exceptions.TimeoutException: Message: Can't find element by locator ('css selector', '.text-success')\nE       Stacktrace:\nE       #0 0x55a3f57b6b9a <unknown>\nE       #1 0x55a3f549c670 <unknown>\nE       #2 0x55a3f54ebc48 <unknown>\nE       #3 0x55a3f54ebee1 <unknown>\nE       #4 0x55a3f5532924 <unknown>\nE       #5 0x55a3f5510bad <unknown>\nE       #6 0x55a3f552fdd6 <unknown>\nE       #7 0x55a3f5510923 <unknown>\nE       #8 0x55a3f54de6e7 <unknown>\nE       #9 0x55a3f54df6de <unknown>\nE       #10 0x55a3f578066b <unknown>\nE       #11 0x55a3f5784611 <unknown>\nE       #12 0x55a3f576c4e5 <unknown>\nE       #13 0x55a3f5785192 <unknown>\nE       #14 0x55a3f57516ef <unknown>\nE       #15 0x55a3f57a59d8 <unknown>\nE       #16 0x55a3f57a5ba7 <unknown>\nE       #17 0x55a3f57b59ec <unknown>\nE       #18 0x7f1aed7f1144 <unknown>\n\n/usr/local/lib/python3.13/site-packages/selenium/webdriver/support/wait.py:105: TimeoutException","flaky":false,"newFailed":false,"newBroken":false,"newPassed":false,"retriesCount":0,"retriesStatusChange":false,"beforeStages":[{"name":"_session_faker","time":{"start":1728682577264,"stop":1728682577287,"duration":23},"status":"passed","steps":[],"attachments":[],"parameters":[],"shouldDisplayMessage":false,"stepsCount":0,"attachmentsCount":0,"hasContent":false,"attachmentStep":false},{"name":"driver","time":{"start":1728682622604,"stop":1728682622969,"duration":365},"status":"passed","steps":[],"attachments":[],"parameters":[],"shouldDisplayMessage":false,"stepsCount":0,"attachmentsCount":0,"hasContent":false,"attachmentStep":false}],"testStage":{"description":"Name of ticked radiobutton match the output result","status":"broken","statusMessage":"selenium.common.exceptions.TimeoutException: Message: Can't find element by locator ('css selector', '.text-success')\nStacktrace:\n#0 0x55a3f57b6b9a <unknown>\n#1 0x55a3f549c670 <unknown>\n#2 0x55a3f54ebc48 <unknown>\n#3 0x55a3f54ebee1 <unknown>\n#4 0x55a3f5532924 <unknown>\n#5 0x55a3f5510bad <unknown>\n#6 0x55a3f552fdd6 <unknown>\n#7 0x55a3f5510923 <unknown>\n#8 0x55a3f54de6e7 <unknown>\n#9 0x55a3f54df6de <unknown>\n#10 0x55a3f578066b <unknown>\n#11 0x55a3f5784611 <unknown>\n#12 0x55a3f576c4e5 <unknown>\n#13 0x55a3f5785192 <unknown>\n#14 0x55a3f57516ef <unknown>\n#15 0x55a3f57a59d8 <unknown>\n#16 0x55a3f57a5ba7 <unknown>\n#17 0x55a3f57b59ec <unknown>\n#18 0x7f1aed7f1144 <unknown>","statusTrace":"self = <test_elements.TestElements.TestRadioButton object at 0x7fdb6e853950>\ndriver = <selenium.webdriver.chrome.webdriver.WebDriver (session=\"9fd2e8b1cb052562baf874f31465202d\")>\nbutton_name = 'No'\n\n    @allure.description('Name of ticked radiobutton match the output result')\n    @pytest.mark.parametrize('button_name', ['Yes', 'Impressive', 'No'])\n    def test_radio_button(self, driver, button_name):\n        page = RadioButtonPage(driver, URL.RADIO_BUTTON)\n        page.open_page()\n    \n        page.click_radio_button(button_name)\n>       output = page.get_output_result_text()\n\ntests/test_elements.py:55: \n_ _ _ _ _ _ _ _ _ _ _ _ _ _ _ _ _ _ _ _ _ _ _ _ _ _ _ _ _ _ _ _ _ _ _ _ _ _ _ _ \npages/elements_page.py:88: in get_output_result_text\n    return self.find_element(self.locators.OUTPUT_RESULT).text\npages/base_page.py:22: in find_element\n    return self.wait.until(EC.element_to_be_clickable(locator),\n_ _ _ _ _ _ _ _ _ _ _ _ _ _ _ _ _ _ _ _ _ _ _ _ _ _ _ _ _ _ _ _ _ _ _ _ _ _ _ _ \n\nself = <selenium.webdriver.support.wait.WebDriverWait (session=\"9fd2e8b1cb052562baf874f31465202d\")>\nmethod = <function element_to_be_clickable.<locals>._predicate at 0x7fdb6e3dbe20>\nmessage = \"Can't find element by locator ('css selector', '.text-success')\"\n\n    def until(self, method: Callable[[D], Union[Literal[False], T]], message: str = \"\") -> T:\n        \"\"\"Calls the method provided with the driver as an argument until the \\\n        return value does not evaluate to ``False``.\n    \n        :param method: callable(WebDriver)\n        :param message: optional message for :exc:`TimeoutException`\n        :returns: the result of the last call to `method`\n        :raises: :exc:`selenium.common.exceptions.TimeoutException` if timeout occurs\n        \"\"\"\n        screen = None\n        stacktrace = None\n    \n        end_time = time.monotonic() + self._timeout\n        while True:\n            try:\n                value = method(self._driver)\n                if value:\n                    return value\n            except self._ignored_exceptions as exc:\n                screen = getattr(exc, \"screen\", None)\n                stacktrace = getattr(exc, \"stacktrace\", None)\n            time.sleep(self._poll)\n            if time.monotonic() > end_time:\n                break\n>       raise TimeoutException(message, screen, stacktrace)\nE       selenium.common.exceptions.TimeoutException: Message: Can't find element by locator ('css selector', '.text-success')\nE       Stacktrace:\nE       #0 0x55a3f57b6b9a <unknown>\nE       #1 0x55a3f549c670 <unknown>\nE       #2 0x55a3f54ebc48 <unknown>\nE       #3 0x55a3f54ebee1 <unknown>\nE       #4 0x55a3f5532924 <unknown>\nE       #5 0x55a3f5510bad <unknown>\nE       #6 0x55a3f552fdd6 <unknown>\nE       #7 0x55a3f5510923 <unknown>\nE       #8 0x55a3f54de6e7 <unknown>\nE       #9 0x55a3f54df6de <unknown>\nE       #10 0x55a3f578066b <unknown>\nE       #11 0x55a3f5784611 <unknown>\nE       #12 0x55a3f576c4e5 <unknown>\nE       #13 0x55a3f5785192 <unknown>\nE       #14 0x55a3f57516ef <unknown>\nE       #15 0x55a3f57a59d8 <unknown>\nE       #16 0x55a3f57a5ba7 <unknown>\nE       #17 0x55a3f57b59ec <unknown>\nE       #18 0x7f1aed7f1144 <unknown>\n\n/usr/local/lib/python3.13/site-packages/selenium/webdriver/support/wait.py:105: TimeoutException","steps":[{"name":"Open https://demoqa.com/radio-button page","time":{"start":1728682626659,"stop":1728682627651,"duration":992},"status":"passed","steps":[],"attachments":[],"parameters":[],"shouldDisplayMessage":false,"stepsCount":0,"attachmentsCount":0,"hasContent":false,"attachmentStep":false},{"name":"Click \"No\" radio button","time":{"start":1728682627651,"stop":1728682627774,"duration":123},"status":"passed","steps":[],"attachments":[],"parameters":[],"shouldDisplayMessage":false,"stepsCount":0,"attachmentsCount":0,"hasContent":false,"attachmentStep":false},{"name":"Get output result","time":{"start":1728682627774,"stop":1728682638085,"duration":10311},"status":"broken","statusMessage":"selenium.common.exceptions.TimeoutException: Message: Can't find element by locator ('css selector', '.text-success')\nStacktrace:\n#0 0x55a3f57b6b9a <unknown>\n#1 0x55a3f549c670 <unknown>\n#2 0x55a3f54ebc48 <unknown>\n#3 0x55a3f54ebee1 <unknown>\n#4 0x55a3f5532924 <unknown>\n#5 0x55a3f5510bad <unknown>\n#6 0x55a3f552fdd6 <unknown>\n#7 0x55a3f5510923 <unknown>\n#8 0x55a3f54de6e7 <unknown>\n#9 0x55a3f54df6de <unknown>\n#10 0x55a3f578066b <unknown>\n#11 0x55a3f5784611 <unknown>\n#12 0x55a3f576c4e5 <unknown>\n#13 0x55a3f5785192 <unknown>\n#14 0x55a3f57516ef <unknown>\n#15 0x55a3f57a59d8 <unknown>\n#16 0x55a3f57a5ba7 <unknown>\n#17 0x55a3f57b59ec <unknown>\n#18 0x7f1aed7f1144 <unknown>\n\n","statusTrace":"  File \"/usr/local/lib/python3.13/site-packages/allure_commons/_allure.py\", line 192, in impl\n    return func(*a, **kw)\n  File \"/test_project/pages/elements_page.py\", line 88, in get_output_result_text\n    return self.find_element(self.locators.OUTPUT_RESULT).text\n           ~~~~~~~~~~~~~~~~~^^^^^^^^^^^^^^^^^^^^^^^^^^^^^\n  File \"/test_project/pages/base_page.py\", line 22, in find_element\n    return self.wait.until(EC.element_to_be_clickable(locator),\n           ~~~~~~~~~~~~~~~^^^^^^^^^^^^^^^^^^^^^^^^^^^^^^^^^^^^^\n                           message=f\"Can't find element by locator {locator}\")\n                           ^^^^^^^^^^^^^^^^^^^^^^^^^^^^^^^^^^^^^^^^^^^^^^^^^^^\n  File \"/usr/local/lib/python3.13/site-packages/selenium/webdriver/support/wait.py\", line 105, in until\n    raise TimeoutException(message, screen, stacktrace)\n","steps":[],"attachments":[],"parameters":[],"shouldDisplayMessage":true,"stepsCount":0,"attachmentsCount":0,"hasContent":true,"attachmentStep":false}],"attachments":[{"uid":"dc1105e7e484d9cd","name":"stdout","source":"dc1105e7e484d9cd.txt","type":"text/plain","size":14}],"parameters":[],"shouldDisplayMessage":true,"stepsCount":3,"attachmentsCount":1,"hasContent":true,"attachmentStep":false},"afterStages":[{"name":"driver::0","time":{"start":1728682638134,"stop":1728682638649,"duration":515},"status":"passed","steps":[],"attachments":[{"uid":"170fe6e407206150","name":"Screenshot 2024-10-11 21:37:18.571577","source":"170fe6e407206150.png","type":"image/png","size":535358}],"parameters":[],"shouldDisplayMessage":false,"stepsCount":0,"attachmentsCount":1,"hasContent":true,"attachmentStep":false}],"labels":[{"name":"feature","value":"RadioButton"},{"name":"suite","value":"Elements"},{"name":"parentSuite","value":"tests"},{"name":"subSuite","value":"TestElements"},{"name":"host","value":"6db98d717c37"},{"name":"thread","value":"8-MainThread"},{"name":"framework","value":"pytest"},{"name":"language","value":"cpython3"},{"name":"package","value":"tests.test_elements"},{"name":"resultFormat","value":"allure2"}],"parameters":[{"name":"button_name","value":"'No'"}],"links":[],"hidden":false,"retry":false,"extra":{"severity":"normal","retries":[],"categories":[{"name":"Test defects","matchedStatuses":[],"flaky":false}],"history":{"statistic":{"failed":0,"broken":7,"skipped":0,"passed":0,"unknown":0,"total":7},"items":[{"uid":"4f528a53a4e035c","status":"broken","statusDetails":"selenium.common.exceptions.TimeoutException: Message: Can't find element by locator ('css selector', '.text-success')\nStacktrace:\n#0 0x562e259fd10a <unknown>\n#1 0x562e256e35e0 <unknown>\n#2 0x562e25732be8 <unknown>\n#3 0x562e25732e81 <unknown>\n#4 0x562e257798c4 <unknown>\n#5 0x562e25757b4d <unknown>\n#6 0x562e25776d7d <unknown>\n#7 0x562e257578c3 <unknown>\n#8 0x562e257256b3 <unknown>\n#9 0x562e2572668e <unknown>\n#10 0x562e259c7b0b <unknown>\n#11 0x562e259cba91 <unknown>\n#12 0x562e259b4305 <unknown>\n#13 0x562e259cc612 <unknown>\n#14 0x562e2599946f <unknown>\n#15 0x562e259ec008 <unknown>\n#16 0x562e259ec1d3 <unknown>\n#17 0x562e259fbf5c <unknown>\n#18 0x7faab190c144 <unknown>","time":{"start":1727388771951,"stop":1727388783342,"duration":11391}},{"uid":"eff8584adf998417","status":"broken","statusDetails":"selenium.common.exceptions.TimeoutException: Message: Can't find element by locator ('css selector', '.text-success')\nStacktrace:\n#0 0x56481c08210a <unknown>\n#1 0x56481bd685e0 <unknown>\n#2 0x56481bdb7be8 <unknown>\n#3 0x56481bdb7e81 <unknown>\n#4 0x56481bdfe8c4 <unknown>\n#5 0x56481bddcb4d <unknown>\n#6 0x56481bdfbd7d <unknown>\n#7 0x56481bddc8c3 <unknown>\n#8 0x56481bdaa6b3 <unknown>\n#9 0x56481bdab68e <unknown>\n#10 0x56481c04cb0b <unknown>\n#11 0x56481c050a91 <unknown>\n#12 0x56481c039305 <unknown>\n#13 0x56481c051612 <unknown>\n#14 0x56481c01e46f <unknown>\n#15 0x56481c071008 <unknown>\n#16 0x56481c0711d3 <unknown>\n#17 0x56481c080f5c <unknown>\n#18 0x7fcc181e4144 <unknown>","time":{"start":1727388046982,"stop":1727388058362,"duration":11380}},{"uid":"fbf9fc616964c110","status":"broken","statusDetails":"selenium.common.exceptions.TimeoutException: Message: Can't find element by locator ('css selector', '.text-success')\nStacktrace:\n#0 0x5643c73a610a <unknown>\n#1 0x5643c708c5e0 <unknown>\n#2 0x5643c70dbbe8 <unknown>\n#3 0x5643c70dbe81 <unknown>\n#4 0x5643c71228c4 <unknown>\n#5 0x5643c7100b4d <unknown>\n#6 0x5643c711fd7d <unknown>\n#7 0x5643c71008c3 <unknown>\n#8 0x5643c70ce6b3 <unknown>\n#9 0x5643c70cf68e <unknown>\n#10 0x5643c7370b0b <unknown>\n#11 0x5643c7374a91 <unknown>\n#12 0x5643c735d305 <unknown>\n#13 0x5643c7375612 <unknown>\n#14 0x5643c734246f <unknown>\n#15 0x5643c7395008 <unknown>\n#16 0x5643c73951d3 <unknown>\n#17 0x5643c73a4f5c <unknown>\n#18 0x7f23de02b144 <unknown>","time":{"start":1727385631711,"stop":1727385642895,"duration":11184}},{"uid":"4f537100f15cf397","status":"broken","statusDetails":"selenium.common.exceptions.TimeoutException: Message: Can't find element by locator ('css selector', '.text-success')\nStacktrace:\n#0 0x55976891910a <unknown>\n#1 0x5597685ff5e0 <unknown>\n#2 0x55976864ebe8 <unknown>\n#3 0x55976864ee81 <unknown>\n#4 0x5597686958c4 <unknown>\n#5 0x559768673b4d <unknown>\n#6 0x559768692d7d <unknown>\n#7 0x5597686738c3 <unknown>\n#8 0x5597686416b3 <unknown>\n#9 0x55976864268e <unknown>\n#10 0x5597688e3b0b <unknown>\n#11 0x5597688e7a91 <unknown>\n#12 0x5597688d0305 <unknown>\n#13 0x5597688e8612 <unknown>\n#14 0x5597688b546f <unknown>\n#15 0x559768908008 <unknown>\n#16 0x5597689081d3 <unknown>\n#17 0x559768917f5c <unknown>\n#18 0x7fb3c0063144 <unknown>","time":{"start":1727384460525,"stop":1727384472769,"duration":12244}},{"uid":"f47739cf63d7885","status":"broken","statusDetails":"selenium.common.exceptions.TimeoutException: Message: Can't find element by locator ('css selector', '.text-success')\nStacktrace:\n#0 0x55853458210a <unknown>\n#1 0x5585342685e0 <unknown>\n#2 0x5585342b7be8 <unknown>\n#3 0x5585342b7e81 <unknown>\n#4 0x5585342fe8c4 <unknown>\n#5 0x5585342dcb4d <unknown>\n#6 0x5585342fbd7d <unknown>\n#7 0x5585342dc8c3 <unknown>\n#8 0x5585342aa6b3 <unknown>\n#9 0x5585342ab68e <unknown>\n#10 0x55853454cb0b <unknown>\n#11 0x558534550a91 <unknown>\n#12 0x558534539305 <unknown>\n#13 0x558534551612 <unknown>\n#14 0x55853451e46f <unknown>\n#15 0x558534571008 <unknown>\n#16 0x5585345711d3 <unknown>\n#17 0x558534580f5c <unknown>\n#18 0x7f611576b144 <unknown>","time":{"start":1727306000733,"stop":1727306011861,"duration":11128}},{"uid":"753750f19e1650b7","status":"broken","statusDetails":"selenium.common.exceptions.TimeoutException: Message: Can't find element by locator ('css selector', '.text-success')\nStacktrace:\n#0 0x56507667910a <unknown>\n#1 0x56507635f5e0 <unknown>\n#2 0x5650763aebe8 <unknown>\n#3 0x5650763aee81 <unknown>\n#4 0x5650763f58c4 <unknown>\n#5 0x5650763d3b4d <unknown>\n#6 0x5650763f2d7d <unknown>\n#7 0x5650763d38c3 <unknown>\n#8 0x5650763a16b3 <unknown>\n#9 0x5650763a268e <unknown>\n#10 0x565076643b0b <unknown>\n#11 0x565076647a91 <unknown>\n#12 0x565076630305 <unknown>\n#13 0x565076648612 <unknown>\n#14 0x56507661546f <unknown>\n#15 0x565076668008 <unknown>\n#16 0x5650766681d3 <unknown>\n#17 0x565076677f5c <unknown>\n#18 0x7f9029945144 <unknown>","time":{"start":1727299554019,"stop":1727299565298,"duration":11279}}]},"tags":[]},"source":"5bf6513b5be6abbd.json","parameterValues":["'No'"]}