{"uid":"753750f19e1650b7","name":"test_radio_button[No]","fullName":"tests.test_elements.TestRadioButton#test_radio_button","historyId":"811ef0d01f787a56ad9901a2ad4cd845","time":{"start":1727299554019,"stop":1727299565298,"duration":11279},"description":"Name of ticked radiobutton match the output result","descriptionHtml":"<p>Name of ticked radiobutton match the output result</p>\n","status":"broken","statusMessage":"selenium.common.exceptions.TimeoutException: Message: Can't find element by locator ('css selector', '.text-success')\nStacktrace:\n#0 0x56507667910a <unknown>\n#1 0x56507635f5e0 <unknown>\n#2 0x5650763aebe8 <unknown>\n#3 0x5650763aee81 <unknown>\n#4 0x5650763f58c4 <unknown>\n#5 0x5650763d3b4d <unknown>\n#6 0x5650763f2d7d <unknown>\n#7 0x5650763d38c3 <unknown>\n#8 0x5650763a16b3 <unknown>\n#9 0x5650763a268e <unknown>\n#10 0x565076643b0b <unknown>\n#11 0x565076647a91 <unknown>\n#12 0x565076630305 <unknown>\n#13 0x565076648612 <unknown>\n#14 0x56507661546f <unknown>\n#15 0x565076668008 <unknown>\n#16 0x5650766681d3 <unknown>\n#17 0x565076677f5c <unknown>\n#18 0x7f9029945144 <unknown>","statusTrace":"self = <test_elements.TestElements.TestRadioButton object at 0x7f1b7b9f3800>\ndriver = <selenium.webdriver.chrome.webdriver.WebDriver (session=\"6ee9bbce6400396b3b43c252173e680e\")>\nbutton_name = 'No'\n\n    @allure.description('Name of ticked radiobutton match the output result')\n    @pytest.mark.parametrize('button_name', ['Yes', 'Impressive', 'No'])\n    def test_radio_button(self, driver, button_name):\n        page = RadioButtonPage(driver, URL.RADIO_BUTTON)\n        page.open_page()\n    \n        page.click_radio_button(button_name)\n>       output = page.get_output_result_text()\n\ntests/test_elements.py:55: \n_ _ _ _ _ _ _ _ _ _ _ _ _ _ _ _ _ _ _ _ _ _ _ _ _ _ _ _ _ _ _ _ _ _ _ _ _ _ _ _ \npages/elements_page.py:89: in get_output_result_text\n    return self.find_element(self.locators.OUTPUT_RESULT).text\npages/base_page.py:22: in find_element\n    return self.wait.until(EC.element_to_be_clickable(locator),\n_ _ _ _ _ _ _ _ _ _ _ _ _ _ _ _ _ _ _ _ _ _ _ _ _ _ _ _ _ _ _ _ _ _ _ _ _ _ _ _ \n\nself = <selenium.webdriver.support.wait.WebDriverWait (session=\"6ee9bbce6400396b3b43c252173e680e\")>\nmethod = <function element_to_be_clickable.<locals>._predicate at 0x7f1b79decc20>\nmessage = \"Can't find element by locator ('css selector', '.text-success')\"\n\n    def until(self, method: Callable[[D], Union[Literal[False], T]], message: str = \"\") -> T:\n        \"\"\"Calls the method provided with the driver as an argument until the \\\n        return value does not evaluate to ``False``.\n    \n        :param method: callable(WebDriver)\n        :param message: optional message for :exc:`TimeoutException`\n        :returns: the result of the last call to `method`\n        :raises: :exc:`selenium.common.exceptions.TimeoutException` if timeout occurs\n        \"\"\"\n        screen = None\n        stacktrace = None\n    \n        end_time = time.monotonic() + self._timeout\n        while True:\n            try:\n                value = method(self._driver)\n                if value:\n                    return value\n            except self._ignored_exceptions as exc:\n                screen = getattr(exc, \"screen\", None)\n                stacktrace = getattr(exc, \"stacktrace\", None)\n            time.sleep(self._poll)\n            if time.monotonic() > end_time:\n                break\n>       raise TimeoutException(message, screen, stacktrace)\nE       selenium.common.exceptions.TimeoutException: Message: Can't find element by locator ('css selector', '.text-success')\nE       Stacktrace:\nE       #0 0x56507667910a <unknown>\nE       #1 0x56507635f5e0 <unknown>\nE       #2 0x5650763aebe8 <unknown>\nE       #3 0x5650763aee81 <unknown>\nE       #4 0x5650763f58c4 <unknown>\nE       #5 0x5650763d3b4d <unknown>\nE       #6 0x5650763f2d7d <unknown>\nE       #7 0x5650763d38c3 <unknown>\nE       #8 0x5650763a16b3 <unknown>\nE       #9 0x5650763a268e <unknown>\nE       #10 0x565076643b0b <unknown>\nE       #11 0x565076647a91 <unknown>\nE       #12 0x565076630305 <unknown>\nE       #13 0x565076648612 <unknown>\nE       #14 0x56507661546f <unknown>\nE       #15 0x565076668008 <unknown>\nE       #16 0x5650766681d3 <unknown>\nE       #17 0x565076677f5c <unknown>\nE       #18 0x7f9029945144 <unknown>\n\n/usr/local/lib/python3.12/site-packages/selenium/webdriver/support/wait.py:105: TimeoutException","flaky":false,"newFailed":false,"newBroken":false,"newPassed":false,"retriesCount":0,"retriesStatusChange":false,"beforeStages":[{"name":"_session_faker","time":{"start":1727299511656,"stop":1727299511681,"duration":25},"status":"passed","steps":[],"attachments":[],"parameters":[],"shouldDisplayMessage":false,"stepsCount":0,"attachmentsCount":0,"hasContent":false,"attachmentStep":false},{"name":"driver","time":{"start":1727299550106,"stop":1727299550465,"duration":359},"status":"passed","steps":[],"attachments":[],"parameters":[],"shouldDisplayMessage":false,"stepsCount":0,"attachmentsCount":0,"hasContent":false,"attachmentStep":false}],"testStage":{"description":"Name of ticked radiobutton match the output result","status":"broken","statusMessage":"selenium.common.exceptions.TimeoutException: Message: Can't find element by locator ('css selector', '.text-success')\nStacktrace:\n#0 0x56507667910a <unknown>\n#1 0x56507635f5e0 <unknown>\n#2 0x5650763aebe8 <unknown>\n#3 0x5650763aee81 <unknown>\n#4 0x5650763f58c4 <unknown>\n#5 0x5650763d3b4d <unknown>\n#6 0x5650763f2d7d <unknown>\n#7 0x5650763d38c3 <unknown>\n#8 0x5650763a16b3 <unknown>\n#9 0x5650763a268e <unknown>\n#10 0x565076643b0b <unknown>\n#11 0x565076647a91 <unknown>\n#12 0x565076630305 <unknown>\n#13 0x565076648612 <unknown>\n#14 0x56507661546f <unknown>\n#15 0x565076668008 <unknown>\n#16 0x5650766681d3 <unknown>\n#17 0x565076677f5c <unknown>\n#18 0x7f9029945144 <unknown>","statusTrace":"self = <test_elements.TestElements.TestRadioButton object at 0x7f1b7b9f3800>\ndriver = <selenium.webdriver.chrome.webdriver.WebDriver (session=\"6ee9bbce6400396b3b43c252173e680e\")>\nbutton_name = 'No'\n\n    @allure.description('Name of ticked radiobutton match the output result')\n    @pytest.mark.parametrize('button_name', ['Yes', 'Impressive', 'No'])\n    def test_radio_button(self, driver, button_name):\n        page = RadioButtonPage(driver, URL.RADIO_BUTTON)\n        page.open_page()\n    \n        page.click_radio_button(button_name)\n>       output = page.get_output_result_text()\n\ntests/test_elements.py:55: \n_ _ _ _ _ _ _ _ _ _ _ _ _ _ _ _ _ _ _ _ _ _ _ _ _ _ _ _ _ _ _ _ _ _ _ _ _ _ _ _ \npages/elements_page.py:89: in get_output_result_text\n    return self.find_element(self.locators.OUTPUT_RESULT).text\npages/base_page.py:22: in find_element\n    return self.wait.until(EC.element_to_be_clickable(locator),\n_ _ _ _ _ _ _ _ _ _ _ _ _ _ _ _ _ _ _ _ _ _ _ _ _ _ _ _ _ _ _ _ _ _ _ _ _ _ _ _ \n\nself = <selenium.webdriver.support.wait.WebDriverWait (session=\"6ee9bbce6400396b3b43c252173e680e\")>\nmethod = <function element_to_be_clickable.<locals>._predicate at 0x7f1b79decc20>\nmessage = \"Can't find element by locator ('css selector', '.text-success')\"\n\n    def until(self, method: Callable[[D], Union[Literal[False], T]], message: str = \"\") -> T:\n        \"\"\"Calls the method provided with the driver as an argument until the \\\n        return value does not evaluate to ``False``.\n    \n        :param method: callable(WebDriver)\n        :param message: optional message for :exc:`TimeoutException`\n        :returns: the result of the last call to `method`\n        :raises: :exc:`selenium.common.exceptions.TimeoutException` if timeout occurs\n        \"\"\"\n        screen = None\n        stacktrace = None\n    \n        end_time = time.monotonic() + self._timeout\n        while True:\n            try:\n                value = method(self._driver)\n                if value:\n                    return value\n            except self._ignored_exceptions as exc:\n                screen = getattr(exc, \"screen\", None)\n                stacktrace = getattr(exc, \"stacktrace\", None)\n            time.sleep(self._poll)\n            if time.monotonic() > end_time:\n                break\n>       raise TimeoutException(message, screen, stacktrace)\nE       selenium.common.exceptions.TimeoutException: Message: Can't find element by locator ('css selector', '.text-success')\nE       Stacktrace:\nE       #0 0x56507667910a <unknown>\nE       #1 0x56507635f5e0 <unknown>\nE       #2 0x5650763aebe8 <unknown>\nE       #3 0x5650763aee81 <unknown>\nE       #4 0x5650763f58c4 <unknown>\nE       #5 0x5650763d3b4d <unknown>\nE       #6 0x5650763f2d7d <unknown>\nE       #7 0x5650763d38c3 <unknown>\nE       #8 0x5650763a16b3 <unknown>\nE       #9 0x5650763a268e <unknown>\nE       #10 0x565076643b0b <unknown>\nE       #11 0x565076647a91 <unknown>\nE       #12 0x565076630305 <unknown>\nE       #13 0x565076648612 <unknown>\nE       #14 0x56507661546f <unknown>\nE       #15 0x565076668008 <unknown>\nE       #16 0x5650766681d3 <unknown>\nE       #17 0x565076677f5c <unknown>\nE       #18 0x7f9029945144 <unknown>\n\n/usr/local/lib/python3.12/site-packages/selenium/webdriver/support/wait.py:105: TimeoutException","steps":[{"name":"Open https://demoqa.com/radio-button page","time":{"start":1727299554019,"stop":1727299554721,"duration":702},"status":"passed","steps":[],"attachments":[],"parameters":[],"shouldDisplayMessage":false,"stepsCount":0,"attachmentsCount":0,"hasContent":false,"attachmentStep":false},{"name":"Click \"No\" radio button","time":{"start":1727299554721,"stop":1727299554984,"duration":263},"status":"passed","steps":[],"attachments":[],"parameters":[],"shouldDisplayMessage":false,"stepsCount":0,"attachmentsCount":0,"hasContent":false,"attachmentStep":false},{"name":"Get output result","time":{"start":1727299554984,"stop":1727299565298,"duration":10314},"status":"broken","statusMessage":"selenium.common.exceptions.TimeoutException: Message: Can't find element by locator ('css selector', '.text-success')\nStacktrace:\n#0 0x56507667910a <unknown>\n#1 0x56507635f5e0 <unknown>\n#2 0x5650763aebe8 <unknown>\n#3 0x5650763aee81 <unknown>\n#4 0x5650763f58c4 <unknown>\n#5 0x5650763d3b4d <unknown>\n#6 0x5650763f2d7d <unknown>\n#7 0x5650763d38c3 <unknown>\n#8 0x5650763a16b3 <unknown>\n#9 0x5650763a268e <unknown>\n#10 0x565076643b0b <unknown>\n#11 0x565076647a91 <unknown>\n#12 0x565076630305 <unknown>\n#13 0x565076648612 <unknown>\n#14 0x56507661546f <unknown>\n#15 0x565076668008 <unknown>\n#16 0x5650766681d3 <unknown>\n#17 0x565076677f5c <unknown>\n#18 0x7f9029945144 <unknown>\n\n","statusTrace":"  File \"/usr/local/lib/python3.12/site-packages/allure_commons/_allure.py\", line 192, in impl\n    return func(*a, **kw)\n           ^^^^^^^^^^^^^^\n  File \"/test_project/pages/elements_page.py\", line 89, in get_output_result_text\n    return self.find_element(self.locators.OUTPUT_RESULT).text\n           ^^^^^^^^^^^^^^^^^^^^^^^^^^^^^^^^^^^^^^^^^^^^^^\n  File \"/test_project/pages/base_page.py\", line 22, in find_element\n    return self.wait.until(EC.element_to_be_clickable(locator),\n           ^^^^^^^^^^^^^^^^^^^^^^^^^^^^^^^^^^^^^^^^^^^^^^^^^^^^\n  File \"/usr/local/lib/python3.12/site-packages/selenium/webdriver/support/wait.py\", line 105, in until\n    raise TimeoutException(message, screen, stacktrace)\n","steps":[],"attachments":[],"parameters":[],"shouldDisplayMessage":true,"stepsCount":0,"attachmentsCount":0,"hasContent":true,"attachmentStep":false}],"attachments":[{"uid":"7c67494c3dbb8991","name":"stdout","source":"7c67494c3dbb8991.txt","type":"text/plain","size":14}],"parameters":[],"shouldDisplayMessage":true,"stepsCount":3,"attachmentsCount":1,"hasContent":true,"attachmentStep":false},"afterStages":[{"name":"driver::0","time":{"start":1727299565315,"stop":1727299565565,"duration":250},"status":"passed","steps":[],"attachments":[{"uid":"a2519077645d16f1","name":"Screenshot 2024-09-25 21:26:05.487346","source":"a2519077645d16f1.png","type":"image/png","size":393386}],"parameters":[],"shouldDisplayMessage":false,"stepsCount":0,"attachmentsCount":1,"hasContent":true,"attachmentStep":false}],"labels":[{"name":"suite","value":"Elements"},{"name":"feature","value":"RadioButton"},{"name":"parentSuite","value":"tests"},{"name":"subSuite","value":"TestElements"},{"name":"host","value":"794a6e081e46"},{"name":"thread","value":"8-MainThread"},{"name":"framework","value":"pytest"},{"name":"language","value":"cpython3"},{"name":"package","value":"tests.test_elements"},{"name":"resultFormat","value":"allure2"}],"parameters":[{"name":"button_name","value":"'No'"}],"links":[],"hidden":false,"retry":false,"extra":{"severity":"normal","retries":[],"categories":[{"name":"Test defects","matchedStatuses":[],"flaky":false}],"tags":[]},"source":"753750f19e1650b7.json","parameterValues":["'No'"]}