{"uid":"9c5d8ab72a392a66","name":"test_upload_file","fullName":"tests.test_elements.TestUploadDownload#test_upload_file","historyId":"f45e4e1a5ee22ca4cdf178f886a1d814","time":{"start":1727299593997,"stop":1727299595349,"duration":1352},"description":"Can upload a file","descriptionHtml":"<p>Can upload a file</p>\n","status":"failed","statusMessage":"AssertionError: Check file name in upload result\nassert '/test_projec..._21-26-35.txt' == 'test_file_20..._21-26-35.txt'\n  - test_file_2024-09-25_21-26-35.txt\n  + /test_project/test_file_2024-09-25_21-26-35.txt\n  ? ++++++++++++++","statusTrace":"self = <test_elements.TestElements.TestUploadDownload object at 0x7f1b7b7fa3f0>\ndriver = <selenium.webdriver.chrome.webdriver.WebDriver (session=\"db447bf36726587c6dd7e20d487ad45c\")>\n\n    @allure.description('Can upload a file')\n    def test_upload_file(self, driver):\n        page = UploadDownloadPage(driver, URL.UPLOAD_DOWNLOAD)\n        page.open_page()\n    \n        file_name = page.upload_file()\n        upload_result = page.get_upload_result_text()\n    \n>       assert file_name == upload_result, 'Check file name in upload result'\nE       AssertionError: Check file name in upload result\nE       assert '/test_projec..._21-26-35.txt' == 'test_file_20..._21-26-35.txt'\nE         - test_file_2024-09-25_21-26-35.txt\nE         + /test_project/test_file_2024-09-25_21-26-35.txt\nE         ? ++++++++++++++\n\ntests/test_elements.py:161: AssertionError","flaky":false,"newFailed":false,"newBroken":false,"newPassed":false,"retriesCount":0,"retriesStatusChange":false,"beforeStages":[{"name":"_session_faker","time":{"start":1727299511656,"stop":1727299511681,"duration":25},"status":"passed","steps":[],"attachments":[],"parameters":[],"shouldDisplayMessage":false,"stepsCount":0,"attachmentsCount":0,"hasContent":false,"attachmentStep":false},{"name":"driver","time":{"start":1727299593661,"stop":1727299593996,"duration":335},"status":"passed","steps":[],"attachments":[],"parameters":[],"shouldDisplayMessage":false,"stepsCount":0,"attachmentsCount":0,"hasContent":false,"attachmentStep":false}],"testStage":{"description":"Can upload a file","status":"failed","statusMessage":"AssertionError: Check file name in upload result\nassert '/test_projec..._21-26-35.txt' == 'test_file_20..._21-26-35.txt'\n  - test_file_2024-09-25_21-26-35.txt\n  + /test_project/test_file_2024-09-25_21-26-35.txt\n  ? ++++++++++++++","statusTrace":"self = <test_elements.TestElements.TestUploadDownload object at 0x7f1b7b7fa3f0>\ndriver = <selenium.webdriver.chrome.webdriver.WebDriver (session=\"db447bf36726587c6dd7e20d487ad45c\")>\n\n    @allure.description('Can upload a file')\n    def test_upload_file(self, driver):\n        page = UploadDownloadPage(driver, URL.UPLOAD_DOWNLOAD)\n        page.open_page()\n    \n        file_name = page.upload_file()\n        upload_result = page.get_upload_result_text()\n    \n>       assert file_name == upload_result, 'Check file name in upload result'\nE       AssertionError: Check file name in upload result\nE       assert '/test_projec..._21-26-35.txt' == 'test_file_20..._21-26-35.txt'\nE         - test_file_2024-09-25_21-26-35.txt\nE         + /test_project/test_file_2024-09-25_21-26-35.txt\nE         ? ++++++++++++++\n\ntests/test_elements.py:161: AssertionError","steps":[{"name":"Open https://demoqa.com/upload-download page","time":{"start":1727299593997,"stop":1727299595231,"duration":1234},"status":"passed","steps":[],"attachments":[],"parameters":[],"shouldDisplayMessage":false,"stepsCount":0,"attachmentsCount":0,"hasContent":false,"attachmentStep":false},{"name":"Upload file","time":{"start":1727299595231,"stop":1727299595309,"duration":78},"status":"passed","steps":[],"attachments":[],"parameters":[],"shouldDisplayMessage":false,"stepsCount":0,"attachmentsCount":0,"hasContent":false,"attachmentStep":false},{"name":"Get file name in the upload result","time":{"start":1727299595309,"stop":1727299595348,"duration":39},"status":"passed","steps":[],"attachments":[],"parameters":[],"shouldDisplayMessage":false,"stepsCount":0,"attachmentsCount":0,"hasContent":false,"attachmentStep":false}],"attachments":[{"uid":"1d21417dae815cc7","name":"stdout","source":"1d21417dae815cc7.txt","type":"text/plain","size":22}],"parameters":[],"shouldDisplayMessage":true,"stepsCount":3,"attachmentsCount":1,"hasContent":true,"attachmentStep":false},"afterStages":[{"name":"driver::0","time":{"start":1727299597890,"stop":1727299598170,"duration":280},"status":"passed","steps":[],"attachments":[{"uid":"21540c0340ac5630","name":"Screenshot 2024-09-25 21:26:38.096236","source":"21540c0340ac5630.png","type":"image/png","size":830647}],"parameters":[],"shouldDisplayMessage":false,"stepsCount":0,"attachmentsCount":1,"hasContent":true,"attachmentStep":false}],"labels":[{"name":"suite","value":"Elements"},{"name":"feature","value":"Upload and Download"},{"name":"parentSuite","value":"tests"},{"name":"subSuite","value":"TestElements"},{"name":"host","value":"794a6e081e46"},{"name":"thread","value":"8-MainThread"},{"name":"framework","value":"pytest"},{"name":"language","value":"cpython3"},{"name":"package","value":"tests.test_elements"},{"name":"resultFormat","value":"allure2"}],"parameters":[],"links":[],"hidden":false,"retry":false,"extra":{"severity":"normal","retries":[],"categories":[{"name":"Product defects","matchedStatuses":[],"flaky":false}],"tags":[]},"source":"9c5d8ab72a392a66.json","parameterValues":[]}