{"uid":"c4b00dc030b63a36","name":"test_menu","fullName":"tests.test_widgets.TestMenu#test_menu","historyId":"b02dfde154c756d74b4a7f461d304a7c","time":{"start":1727299739809,"stop":1727299752574,"duration":12765},"description":"Can open the menu/submenu, menu items have correct names","descriptionHtml":"<p>Can open the menu/submenu, menu items have correct names</p>\n","status":"broken","statusMessage":"selenium.common.exceptions.TimeoutException: Message: Can't find element by locator <selenium.webdriver.remote.webelement.WebElement (session=\"d43bf6f3e760a87b5584572527adaa9f\", element=\"f.A4B7B68EB004E8065EE72F27ECBBFB63.d.C4C3130B979EA858693812199098E977.e.26\")>","statusTrace":"self = <test_widgets.TestWidgets.TestMenu object at 0x7f1b7b820650>\ndriver = <selenium.webdriver.chrome.webdriver.WebDriver (session=\"d43bf6f3e760a87b5584572527adaa9f\")>\n\n    @allure.description('Can open the menu/submenu, menu items have correct names')\n    def test_menu(self, driver):\n        expected_item_names = [\n            'Main Item 1',\n            'Main Item 2',\n            'Sub Item',\n            'Sub Item',\n            'SUB SUB LIST »',\n            'Sub Sub Item 1',\n            'Sub Sub Item 2',\n            'Main Item 3'\n        ]\n        page = MenuPage(driver, URL.MENU)\n        page.open_page()\n    \n>       menu_items = page.get_menu_items_names()\n\ntests/test_widgets.py:180: \n_ _ _ _ _ _ _ _ _ _ _ _ _ _ _ _ _ _ _ _ _ _ _ _ _ _ _ _ _ _ _ _ _ _ _ _ _ _ _ _ \npages/widgets_page.py:212: in get_menu_items_names\n    self.move_to_element(item)\npages/base_page.py:99: in move_to_element\n    element = self.find_element(locator)\npages/base_page.py:22: in find_element\n    return self.wait.until(EC.element_to_be_clickable(locator),\n_ _ _ _ _ _ _ _ _ _ _ _ _ _ _ _ _ _ _ _ _ _ _ _ _ _ _ _ _ _ _ _ _ _ _ _ _ _ _ _ \n\nself = <selenium.webdriver.support.wait.WebDriverWait (session=\"d43bf6f3e760a87b5584572527adaa9f\")>\nmethod = <function element_to_be_clickable.<locals>._predicate at 0x7f1b79d6e7a0>\nmessage = 'Can\\'t find element by locator <selenium.webdriver.remote.webelement.WebElement (session=\"d43bf6f3e760a87b5584572527adaa9f\", element=\"f.A4B7B68EB004E8065EE72F27ECBBFB63.d.C4C3130B979EA858693812199098E977.e.26\")>'\n\n    def until(self, method: Callable[[D], Union[Literal[False], T]], message: str = \"\") -> T:\n        \"\"\"Calls the method provided with the driver as an argument until the \\\n        return value does not evaluate to ``False``.\n    \n        :param method: callable(WebDriver)\n        :param message: optional message for :exc:`TimeoutException`\n        :returns: the result of the last call to `method`\n        :raises: :exc:`selenium.common.exceptions.TimeoutException` if timeout occurs\n        \"\"\"\n        screen = None\n        stacktrace = None\n    \n        end_time = time.monotonic() + self._timeout\n        while True:\n            try:\n                value = method(self._driver)\n                if value:\n                    return value\n            except self._ignored_exceptions as exc:\n                screen = getattr(exc, \"screen\", None)\n                stacktrace = getattr(exc, \"stacktrace\", None)\n            time.sleep(self._poll)\n            if time.monotonic() > end_time:\n                break\n>       raise TimeoutException(message, screen, stacktrace)\nE       selenium.common.exceptions.TimeoutException: Message: Can't find element by locator <selenium.webdriver.remote.webelement.WebElement (session=\"d43bf6f3e760a87b5584572527adaa9f\", element=\"f.A4B7B68EB004E8065EE72F27ECBBFB63.d.C4C3130B979EA858693812199098E977.e.26\")>\n\n/usr/local/lib/python3.12/site-packages/selenium/webdriver/support/wait.py:105: TimeoutException","flaky":false,"newFailed":false,"newBroken":false,"newPassed":false,"retriesCount":0,"retriesStatusChange":false,"beforeStages":[{"name":"_session_faker","time":{"start":1727299511656,"stop":1727299511681,"duration":25},"status":"passed","steps":[],"attachments":[],"parameters":[],"shouldDisplayMessage":false,"stepsCount":0,"attachmentsCount":0,"hasContent":false,"attachmentStep":false},{"name":"driver","time":{"start":1727299739485,"stop":1727299739808,"duration":323},"status":"passed","steps":[],"attachments":[],"parameters":[],"shouldDisplayMessage":false,"stepsCount":0,"attachmentsCount":0,"hasContent":false,"attachmentStep":false}],"testStage":{"description":"Can open the menu/submenu, menu items have correct names","status":"broken","statusMessage":"selenium.common.exceptions.TimeoutException: Message: Can't find element by locator <selenium.webdriver.remote.webelement.WebElement (session=\"d43bf6f3e760a87b5584572527adaa9f\", element=\"f.A4B7B68EB004E8065EE72F27ECBBFB63.d.C4C3130B979EA858693812199098E977.e.26\")>","statusTrace":"self = <test_widgets.TestWidgets.TestMenu object at 0x7f1b7b820650>\ndriver = <selenium.webdriver.chrome.webdriver.WebDriver (session=\"d43bf6f3e760a87b5584572527adaa9f\")>\n\n    @allure.description('Can open the menu/submenu, menu items have correct names')\n    def test_menu(self, driver):\n        expected_item_names = [\n            'Main Item 1',\n            'Main Item 2',\n            'Sub Item',\n            'Sub Item',\n            'SUB SUB LIST »',\n            'Sub Sub Item 1',\n            'Sub Sub Item 2',\n            'Main Item 3'\n        ]\n        page = MenuPage(driver, URL.MENU)\n        page.open_page()\n    \n>       menu_items = page.get_menu_items_names()\n\ntests/test_widgets.py:180: \n_ _ _ _ _ _ _ _ _ _ _ _ _ _ _ _ _ _ _ _ _ _ _ _ _ _ _ _ _ _ _ _ _ _ _ _ _ _ _ _ \npages/widgets_page.py:212: in get_menu_items_names\n    self.move_to_element(item)\npages/base_page.py:99: in move_to_element\n    element = self.find_element(locator)\npages/base_page.py:22: in find_element\n    return self.wait.until(EC.element_to_be_clickable(locator),\n_ _ _ _ _ _ _ _ _ _ _ _ _ _ _ _ _ _ _ _ _ _ _ _ _ _ _ _ _ _ _ _ _ _ _ _ _ _ _ _ \n\nself = <selenium.webdriver.support.wait.WebDriverWait (session=\"d43bf6f3e760a87b5584572527adaa9f\")>\nmethod = <function element_to_be_clickable.<locals>._predicate at 0x7f1b79d6e7a0>\nmessage = 'Can\\'t find element by locator <selenium.webdriver.remote.webelement.WebElement (session=\"d43bf6f3e760a87b5584572527adaa9f\", element=\"f.A4B7B68EB004E8065EE72F27ECBBFB63.d.C4C3130B979EA858693812199098E977.e.26\")>'\n\n    def until(self, method: Callable[[D], Union[Literal[False], T]], message: str = \"\") -> T:\n        \"\"\"Calls the method provided with the driver as an argument until the \\\n        return value does not evaluate to ``False``.\n    \n        :param method: callable(WebDriver)\n        :param message: optional message for :exc:`TimeoutException`\n        :returns: the result of the last call to `method`\n        :raises: :exc:`selenium.common.exceptions.TimeoutException` if timeout occurs\n        \"\"\"\n        screen = None\n        stacktrace = None\n    \n        end_time = time.monotonic() + self._timeout\n        while True:\n            try:\n                value = method(self._driver)\n                if value:\n                    return value\n            except self._ignored_exceptions as exc:\n                screen = getattr(exc, \"screen\", None)\n                stacktrace = getattr(exc, \"stacktrace\", None)\n            time.sleep(self._poll)\n            if time.monotonic() > end_time:\n                break\n>       raise TimeoutException(message, screen, stacktrace)\nE       selenium.common.exceptions.TimeoutException: Message: Can't find element by locator <selenium.webdriver.remote.webelement.WebElement (session=\"d43bf6f3e760a87b5584572527adaa9f\", element=\"f.A4B7B68EB004E8065EE72F27ECBBFB63.d.C4C3130B979EA858693812199098E977.e.26\")>\n\n/usr/local/lib/python3.12/site-packages/selenium/webdriver/support/wait.py:105: TimeoutException","steps":[{"name":"Open https://demoqa.com/menu page","time":{"start":1727299739809,"stop":1727299741040,"duration":1231},"status":"passed","steps":[],"attachments":[],"parameters":[],"shouldDisplayMessage":false,"stepsCount":0,"attachmentsCount":0,"hasContent":false,"attachmentStep":false},{"name":"Hover over menu items and get their names","time":{"start":1727299741040,"stop":1727299752573,"duration":11533},"status":"broken","statusMessage":"selenium.common.exceptions.TimeoutException: Message: Can't find element by locator <selenium.webdriver.remote.webelement.WebElement (session=\"d43bf6f3e760a87b5584572527adaa9f\", element=\"f.A4B7B68EB004E8065EE72F27ECBBFB63.d.C4C3130B979EA858693812199098E977.e.26\")>\n\n","statusTrace":"  File \"/usr/local/lib/python3.12/site-packages/allure_commons/_allure.py\", line 192, in impl\n    return func(*a, **kw)\n           ^^^^^^^^^^^^^^\n  File \"/test_project/pages/widgets_page.py\", line 212, in get_menu_items_names\n    self.move_to_element(item)\n  File \"/test_project/pages/base_page.py\", line 99, in move_to_element\n    element = self.find_element(locator)\n              ^^^^^^^^^^^^^^^^^^^^^^^^^^\n  File \"/test_project/pages/base_page.py\", line 22, in find_element\n    return self.wait.until(EC.element_to_be_clickable(locator),\n           ^^^^^^^^^^^^^^^^^^^^^^^^^^^^^^^^^^^^^^^^^^^^^^^^^^^^\n  File \"/usr/local/lib/python3.12/site-packages/selenium/webdriver/support/wait.py\", line 105, in until\n    raise TimeoutException(message, screen, stacktrace)\n","steps":[],"attachments":[],"parameters":[],"shouldDisplayMessage":true,"stepsCount":0,"attachmentsCount":0,"hasContent":true,"attachmentStep":false}],"attachments":[{"uid":"8e2d74ac22a650e2","name":"stdout","source":"8e2d74ac22a650e2.txt","type":"text/plain","size":36}],"parameters":[],"shouldDisplayMessage":true,"stepsCount":2,"attachmentsCount":1,"hasContent":true,"attachmentStep":false},"afterStages":[{"name":"driver::0","time":{"start":1727299752590,"stop":1727299752823,"duration":233},"status":"passed","steps":[],"attachments":[{"uid":"701ede51791355b0","name":"Screenshot 2024-09-25 21:29:12.748568","source":"701ede51791355b0.png","type":"image/png","size":561737}],"parameters":[],"shouldDisplayMessage":false,"stepsCount":0,"attachmentsCount":1,"hasContent":true,"attachmentStep":false}],"labels":[{"name":"suite","value":"Widgets"},{"name":"feature","value":"Menu"},{"name":"parentSuite","value":"tests"},{"name":"subSuite","value":"TestWidgets"},{"name":"host","value":"794a6e081e46"},{"name":"thread","value":"8-MainThread"},{"name":"framework","value":"pytest"},{"name":"language","value":"cpython3"},{"name":"package","value":"tests.test_widgets"},{"name":"resultFormat","value":"allure2"}],"parameters":[],"links":[],"hidden":false,"retry":false,"extra":{"severity":"normal","retries":[],"categories":[{"name":"Test defects","matchedStatuses":[],"flaky":false}],"tags":[]},"source":"c4b00dc030b63a36.json","parameterValues":[]}