{"uid":"c9f68561eb18bca8","name":"test_tool_tips[contrary_link-You hovered over the Contrary]","fullName":"tests.test_widgets.TestToolTips#test_tool_tips","historyId":"18228163c3baa237854fe11f8c8ad190","time":{"start":1728682826536,"stop":1728682837847,"duration":11311},"description":"Check the tool tips text","descriptionHtml":"<p>Check the tool tips text</p>\n","status":"broken","statusMessage":"selenium.common.exceptions.TimeoutException: Message: Can't find element by locator ('css selector', '.tooltip-inner')\nStacktrace:\n#0 0x55c7bc2e5b9a <unknown>\n#1 0x55c7bbfcb670 <unknown>\n#2 0x55c7bc01ac48 <unknown>\n#3 0x55c7bc01aee1 <unknown>\n#4 0x55c7bc061924 <unknown>\n#5 0x55c7bc03fbad <unknown>\n#6 0x55c7bc05edd6 <unknown>\n#7 0x55c7bc03f923 <unknown>\n#8 0x55c7bc00d6e7 <unknown>\n#9 0x55c7bc00e6de <unknown>\n#10 0x55c7bc2af66b <unknown>\n#11 0x55c7bc2b3611 <unknown>\n#12 0x55c7bc29b4e5 <unknown>\n#13 0x55c7bc2b4192 <unknown>\n#14 0x55c7bc2806ef <unknown>\n#15 0x55c7bc2d49d8 <unknown>\n#16 0x55c7bc2d4ba7 <unknown>\n#17 0x55c7bc2e49ec <unknown>\n#18 0x7fafc4d6f144 <unknown>","statusTrace":"self = <test_widgets.TestWidgets.TestToolTips object at 0x7fdb6e29d220>\ndriver = <selenium.webdriver.chrome.webdriver.WebDriver (session=\"52c5116de0850dc124cf8bcf05dc0e57\")>\nhover_element = 'contrary_link', expected_text = 'You hovered over the Contrary'\n\n    @allure.description('Check the tool tips text')\n    @pytest.mark.parametrize('hover_element, expected_text', tool_tips)\n    def test_tool_tips(self, driver, hover_element, expected_text):\n        page = ToolTipsPage(driver, URL.TOOL_TIPS)\n        page.open_page()\n    \n>       toll_tip_text = page.get_toll_tip_text(hover_element)\n\ntests/test_widgets.py:160: \n_ _ _ _ _ _ _ _ _ _ _ _ _ _ _ _ _ _ _ _ _ _ _ _ _ _ _ _ _ _ _ _ _ _ _ _ _ _ _ _ \npages/widgets_page.py:201: in get_toll_tip_text\n    return self.find_element(self.locators.TOOL_TIP).text\npages/base_page.py:22: in find_element\n    return self.wait.until(EC.element_to_be_clickable(locator),\n_ _ _ _ _ _ _ _ _ _ _ _ _ _ _ _ _ _ _ _ _ _ _ _ _ _ _ _ _ _ _ _ _ _ _ _ _ _ _ _ \n\nself = <selenium.webdriver.support.wait.WebDriverWait (session=\"52c5116de0850dc124cf8bcf05dc0e57\")>\nmethod = <function element_to_be_clickable.<locals>._predicate at 0x7fdb6de20360>\nmessage = \"Can't find element by locator ('css selector', '.tooltip-inner')\"\n\n    def until(self, method: Callable[[D], Union[Literal[False], T]], message: str = \"\") -> T:\n        \"\"\"Calls the method provided with the driver as an argument until the \\\n        return value does not evaluate to ``False``.\n    \n        :param method: callable(WebDriver)\n        :param message: optional message for :exc:`TimeoutException`\n        :returns: the result of the last call to `method`\n        :raises: :exc:`selenium.common.exceptions.TimeoutException` if timeout occurs\n        \"\"\"\n        screen = None\n        stacktrace = None\n    \n        end_time = time.monotonic() + self._timeout\n        while True:\n            try:\n                value = method(self._driver)\n                if value:\n                    return value\n            except self._ignored_exceptions as exc:\n                screen = getattr(exc, \"screen\", None)\n                stacktrace = getattr(exc, \"stacktrace\", None)\n            time.sleep(self._poll)\n            if time.monotonic() > end_time:\n                break\n>       raise TimeoutException(message, screen, stacktrace)\nE       selenium.common.exceptions.TimeoutException: Message: Can't find element by locator ('css selector', '.tooltip-inner')\nE       Stacktrace:\nE       #0 0x55c7bc2e5b9a <unknown>\nE       #1 0x55c7bbfcb670 <unknown>\nE       #2 0x55c7bc01ac48 <unknown>\nE       #3 0x55c7bc01aee1 <unknown>\nE       #4 0x55c7bc061924 <unknown>\nE       #5 0x55c7bc03fbad <unknown>\nE       #6 0x55c7bc05edd6 <unknown>\nE       #7 0x55c7bc03f923 <unknown>\nE       #8 0x55c7bc00d6e7 <unknown>\nE       #9 0x55c7bc00e6de <unknown>\nE       #10 0x55c7bc2af66b <unknown>\nE       #11 0x55c7bc2b3611 <unknown>\nE       #12 0x55c7bc29b4e5 <unknown>\nE       #13 0x55c7bc2b4192 <unknown>\nE       #14 0x55c7bc2806ef <unknown>\nE       #15 0x55c7bc2d49d8 <unknown>\nE       #16 0x55c7bc2d4ba7 <unknown>\nE       #17 0x55c7bc2e49ec <unknown>\nE       #18 0x7fafc4d6f144 <unknown>\n\n/usr/local/lib/python3.13/site-packages/selenium/webdriver/support/wait.py:105: TimeoutException","flaky":false,"newFailed":false,"newBroken":true,"newPassed":false,"retriesCount":0,"retriesStatusChange":false,"beforeStages":[{"name":"_session_faker","time":{"start":1728682577264,"stop":1728682577287,"duration":23},"status":"passed","steps":[],"attachments":[],"parameters":[],"shouldDisplayMessage":false,"stepsCount":0,"attachmentsCount":0,"hasContent":false,"attachmentStep":false},{"name":"driver","time":{"start":1728682822642,"stop":1728682823009,"duration":367},"status":"passed","steps":[],"attachments":[],"parameters":[],"shouldDisplayMessage":false,"stepsCount":0,"attachmentsCount":0,"hasContent":false,"attachmentStep":false}],"testStage":{"description":"Check the tool tips text","status":"broken","statusMessage":"selenium.common.exceptions.TimeoutException: Message: Can't find element by locator ('css selector', '.tooltip-inner')\nStacktrace:\n#0 0x55c7bc2e5b9a <unknown>\n#1 0x55c7bbfcb670 <unknown>\n#2 0x55c7bc01ac48 <unknown>\n#3 0x55c7bc01aee1 <unknown>\n#4 0x55c7bc061924 <unknown>\n#5 0x55c7bc03fbad <unknown>\n#6 0x55c7bc05edd6 <unknown>\n#7 0x55c7bc03f923 <unknown>\n#8 0x55c7bc00d6e7 <unknown>\n#9 0x55c7bc00e6de <unknown>\n#10 0x55c7bc2af66b <unknown>\n#11 0x55c7bc2b3611 <unknown>\n#12 0x55c7bc29b4e5 <unknown>\n#13 0x55c7bc2b4192 <unknown>\n#14 0x55c7bc2806ef <unknown>\n#15 0x55c7bc2d49d8 <unknown>\n#16 0x55c7bc2d4ba7 <unknown>\n#17 0x55c7bc2e49ec <unknown>\n#18 0x7fafc4d6f144 <unknown>","statusTrace":"self = <test_widgets.TestWidgets.TestToolTips object at 0x7fdb6e29d220>\ndriver = <selenium.webdriver.chrome.webdriver.WebDriver (session=\"52c5116de0850dc124cf8bcf05dc0e57\")>\nhover_element = 'contrary_link', expected_text = 'You hovered over the Contrary'\n\n    @allure.description('Check the tool tips text')\n    @pytest.mark.parametrize('hover_element, expected_text', tool_tips)\n    def test_tool_tips(self, driver, hover_element, expected_text):\n        page = ToolTipsPage(driver, URL.TOOL_TIPS)\n        page.open_page()\n    \n>       toll_tip_text = page.get_toll_tip_text(hover_element)\n\ntests/test_widgets.py:160: \n_ _ _ _ _ _ _ _ _ _ _ _ _ _ _ _ _ _ _ _ _ _ _ _ _ _ _ _ _ _ _ _ _ _ _ _ _ _ _ _ \npages/widgets_page.py:201: in get_toll_tip_text\n    return self.find_element(self.locators.TOOL_TIP).text\npages/base_page.py:22: in find_element\n    return self.wait.until(EC.element_to_be_clickable(locator),\n_ _ _ _ _ _ _ _ _ _ _ _ _ _ _ _ _ _ _ _ _ _ _ _ _ _ _ _ _ _ _ _ _ _ _ _ _ _ _ _ \n\nself = <selenium.webdriver.support.wait.WebDriverWait (session=\"52c5116de0850dc124cf8bcf05dc0e57\")>\nmethod = <function element_to_be_clickable.<locals>._predicate at 0x7fdb6de20360>\nmessage = \"Can't find element by locator ('css selector', '.tooltip-inner')\"\n\n    def until(self, method: Callable[[D], Union[Literal[False], T]], message: str = \"\") -> T:\n        \"\"\"Calls the method provided with the driver as an argument until the \\\n        return value does not evaluate to ``False``.\n    \n        :param method: callable(WebDriver)\n        :param message: optional message for :exc:`TimeoutException`\n        :returns: the result of the last call to `method`\n        :raises: :exc:`selenium.common.exceptions.TimeoutException` if timeout occurs\n        \"\"\"\n        screen = None\n        stacktrace = None\n    \n        end_time = time.monotonic() + self._timeout\n        while True:\n            try:\n                value = method(self._driver)\n                if value:\n                    return value\n            except self._ignored_exceptions as exc:\n                screen = getattr(exc, \"screen\", None)\n                stacktrace = getattr(exc, \"stacktrace\", None)\n            time.sleep(self._poll)\n            if time.monotonic() > end_time:\n                break\n>       raise TimeoutException(message, screen, stacktrace)\nE       selenium.common.exceptions.TimeoutException: Message: Can't find element by locator ('css selector', '.tooltip-inner')\nE       Stacktrace:\nE       #0 0x55c7bc2e5b9a <unknown>\nE       #1 0x55c7bbfcb670 <unknown>\nE       #2 0x55c7bc01ac48 <unknown>\nE       #3 0x55c7bc01aee1 <unknown>\nE       #4 0x55c7bc061924 <unknown>\nE       #5 0x55c7bc03fbad <unknown>\nE       #6 0x55c7bc05edd6 <unknown>\nE       #7 0x55c7bc03f923 <unknown>\nE       #8 0x55c7bc00d6e7 <unknown>\nE       #9 0x55c7bc00e6de <unknown>\nE       #10 0x55c7bc2af66b <unknown>\nE       #11 0x55c7bc2b3611 <unknown>\nE       #12 0x55c7bc29b4e5 <unknown>\nE       #13 0x55c7bc2b4192 <unknown>\nE       #14 0x55c7bc2806ef <unknown>\nE       #15 0x55c7bc2d49d8 <unknown>\nE       #16 0x55c7bc2d4ba7 <unknown>\nE       #17 0x55c7bc2e49ec <unknown>\nE       #18 0x7fafc4d6f144 <unknown>\n\n/usr/local/lib/python3.13/site-packages/selenium/webdriver/support/wait.py:105: TimeoutException","steps":[{"name":"Open https://demoqa.com/tool-tips page","time":{"start":1728682826536,"stop":1728682827007,"duration":471},"status":"passed","steps":[],"attachments":[],"parameters":[],"shouldDisplayMessage":false,"stepsCount":0,"attachmentsCount":0,"hasContent":false,"attachmentStep":false},{"name":"Hover over an element and get its tooltip text","time":{"start":1728682827008,"stop":1728682837846,"duration":10838},"status":"broken","statusMessage":"selenium.common.exceptions.TimeoutException: Message: Can't find element by locator ('css selector', '.tooltip-inner')\nStacktrace:\n#0 0x55c7bc2e5b9a <unknown>\n#1 0x55c7bbfcb670 <unknown>\n#2 0x55c7bc01ac48 <unknown>\n#3 0x55c7bc01aee1 <unknown>\n#4 0x55c7bc061924 <unknown>\n#5 0x55c7bc03fbad <unknown>\n#6 0x55c7bc05edd6 <unknown>\n#7 0x55c7bc03f923 <unknown>\n#8 0x55c7bc00d6e7 <unknown>\n#9 0x55c7bc00e6de <unknown>\n#10 0x55c7bc2af66b <unknown>\n#11 0x55c7bc2b3611 <unknown>\n#12 0x55c7bc29b4e5 <unknown>\n#13 0x55c7bc2b4192 <unknown>\n#14 0x55c7bc2806ef <unknown>\n#15 0x55c7bc2d49d8 <unknown>\n#16 0x55c7bc2d4ba7 <unknown>\n#17 0x55c7bc2e49ec <unknown>\n#18 0x7fafc4d6f144 <unknown>\n\n","statusTrace":"  File \"/usr/local/lib/python3.13/site-packages/allure_commons/_allure.py\", line 192, in impl\n    return func(*a, **kw)\n  File \"/test_project/pages/widgets_page.py\", line 201, in get_toll_tip_text\n    return self.find_element(self.locators.TOOL_TIP).text\n           ~~~~~~~~~~~~~~~~~^^^^^^^^^^^^^^^^^^^^^^^^\n  File \"/test_project/pages/base_page.py\", line 22, in find_element\n    return self.wait.until(EC.element_to_be_clickable(locator),\n           ~~~~~~~~~~~~~~~^^^^^^^^^^^^^^^^^^^^^^^^^^^^^^^^^^^^^\n                           message=f\"Can't find element by locator {locator}\")\n                           ^^^^^^^^^^^^^^^^^^^^^^^^^^^^^^^^^^^^^^^^^^^^^^^^^^^\n  File \"/usr/local/lib/python3.13/site-packages/selenium/webdriver/support/wait.py\", line 105, in until\n    raise TimeoutException(message, screen, stacktrace)\n","steps":[],"attachments":[],"parameters":[{"name":"hover_element","value":"'contrary_link'"}],"shouldDisplayMessage":true,"stepsCount":0,"attachmentsCount":0,"hasContent":true,"attachmentStep":false}],"attachments":[],"parameters":[],"shouldDisplayMessage":true,"stepsCount":2,"attachmentsCount":0,"hasContent":true,"attachmentStep":false},"afterStages":[{"name":"driver::0","time":{"start":1728682839240,"stop":1728682839776,"duration":536},"status":"passed","steps":[],"attachments":[{"uid":"f420d720831add95","name":"Screenshot 2024-10-11 21:40:39.697230","source":"f420d720831add95.png","type":"image/png","size":720069}],"parameters":[],"shouldDisplayMessage":false,"stepsCount":0,"attachmentsCount":1,"hasContent":true,"attachmentStep":false}],"labels":[{"name":"feature","value":"Tool Tips"},{"name":"suite","value":"Widgets"},{"name":"parentSuite","value":"tests"},{"name":"subSuite","value":"TestWidgets"},{"name":"host","value":"6db98d717c37"},{"name":"thread","value":"8-MainThread"},{"name":"framework","value":"pytest"},{"name":"language","value":"cpython3"},{"name":"package","value":"tests.test_widgets"},{"name":"resultFormat","value":"allure2"}],"parameters":[{"name":"expected_text","value":"'You hovered over the Contrary'"},{"name":"hover_element","value":"'contrary_link'"}],"links":[],"hidden":false,"retry":false,"extra":{"severity":"normal","retries":[],"categories":[{"name":"Test defects","matchedStatuses":[],"flaky":false}],"history":{"statistic":{"failed":0,"broken":1,"skipped":0,"passed":6,"unknown":0,"total":7},"items":[{"uid":"7e70203a8e496006","status":"passed","time":{"start":1727388944300,"stop":1727388945615,"duration":1315}},{"uid":"433d08420400781b","status":"passed","time":{"start":1727388222459,"stop":1727388223807,"duration":1348}},{"uid":"986e418acc52c559","status":"passed","time":{"start":1727385798671,"stop":1727385799854,"duration":1183}},{"uid":"29b43013e862a653","status":"passed","time":{"start":1727384680332,"stop":1727384682760,"duration":2428}},{"uid":"8e390f6d75281b0d","status":"passed","time":{"start":1727306178673,"stop":1727306180377,"duration":1704}},{"uid":"68dd47307b98458c","status":"passed","time":{"start":1727299735558,"stop":1727299737558,"duration":2000}}]},"tags":[]},"source":"c9f68561eb18bca8.json","parameterValues":["'You hovered over the Contrary'","'contrary_link'"]}