{"uid":"cc6e396f954cfde7","name":"test_different_click_types_on_the_buttons","fullName":"tests.test_elements.TestButtons#test_different_click_types_on_the_buttons","historyId":"d7f6bd1d5df8a21662b103627ff2b505","time":{"start":1729880078681,"stop":1729880091046,"duration":12365},"description":"Checking different types of clicks (double, right, left)","descriptionHtml":"<p>Checking different types of clicks (double, right, left)</p>\n","status":"broken","statusMessage":"selenium.common.exceptions.TimeoutException: Message: Can't find element by locator ('css selector', '#rightClickMessage')\nStacktrace:\n#0 0x5641733fa10a <unknown>\n#1 0x564172f15460 <unknown>\n#2 0x564172f61f96 <unknown>\n#3 0x564172f62221 <unknown>\n#4 0x564172fa75d4 <unknown>\n#5 0x564172f8603d <unknown>\n#6 0x564172fa4af6 <unknown>\n#7 0x564172f85db3 <unknown>\n#8 0x564172f54c10 <unknown>\n#9 0x564172f55bee <unknown>\n#10 0x5641733c639b <unknown>\n#11 0x5641733ca338 <unknown>\n#12 0x5641733b3ebc <unknown>\n#13 0x5641733caeb7 <unknown>\n#14 0x56417339910f <unknown>\n#15 0x5641733e8828 <unknown>\n#16 0x5641733e89f0 <unknown>\n#17 0x5641733f8f86 <unknown>\n#18 0x7f5c17c6b144 <unknown>","statusTrace":"self = <test_elements.TestElements.TestButtons object at 0x7f40ae8356d0>\ndriver = <selenium.webdriver.chrome.webdriver.WebDriver (session=\"6c32d2320e14607da4c7b89d768684ec\")>\ncheck = <pytest_check.context_manager.CheckContextManager object at 0x7f40af0338c0>\n\n    @allure.description('Checking different types of clicks (double, right, left)')\n    def test_different_click_types_on_the_buttons(self, driver, check):\n        page = ButtonsPage(driver, URL.BUTTONS)\n        page.open_page()\n    \n        double_click = page.click_on_different_buttons('double')\n>       right_click = page.click_on_different_buttons('right')\n\ntests/test_elements.py:122: \n_ _ _ _ _ _ _ _ _ _ _ _ _ _ _ _ _ _ _ _ _ _ _ _ _ _ _ _ _ _ _ _ _ _ _ _ _ _ _ _ \npages/elements_page.py:206: in click_on_different_buttons\n    return self.get_output_msg_on_click(self.locators.RIGHT_CLICK_MSG)\npages/elements_page.py:196: in get_output_msg_on_click\n    return self.find_element(locator).text\npages/base_page.py:22: in find_element\n    return self.wait.until(EC.element_to_be_clickable(locator),\n_ _ _ _ _ _ _ _ _ _ _ _ _ _ _ _ _ _ _ _ _ _ _ _ _ _ _ _ _ _ _ _ _ _ _ _ _ _ _ _ \n\nself = <selenium.webdriver.support.wait.WebDriverWait (session=\"6c32d2320e14607da4c7b89d768684ec\")>\nmethod = <function element_to_be_clickable.<locals>._predicate at 0x7f40aca036a0>\nmessage = \"Can't find element by locator ('css selector', '#rightClickMessage')\"\n\n    def until(self, method: Callable[[D], Union[Literal[False], T]], message: str = \"\") -> T:\n        \"\"\"Calls the method provided with the driver as an argument until the \\\n        return value does not evaluate to ``False``.\n    \n        :param method: callable(WebDriver)\n        :param message: optional message for :exc:`TimeoutException`\n        :returns: the result of the last call to `method`\n        :raises: :exc:`selenium.common.exceptions.TimeoutException` if timeout occurs\n        \"\"\"\n        screen = None\n        stacktrace = None\n    \n        end_time = time.monotonic() + self._timeout\n        while True:\n            try:\n                value = method(self._driver)\n                if value:\n                    return value\n            except self._ignored_exceptions as exc:\n                screen = getattr(exc, \"screen\", None)\n                stacktrace = getattr(exc, \"stacktrace\", None)\n            time.sleep(self._poll)\n            if time.monotonic() > end_time:\n                break\n>       raise TimeoutException(message, screen, stacktrace)\nE       selenium.common.exceptions.TimeoutException: Message: Can't find element by locator ('css selector', '#rightClickMessage')\nE       Stacktrace:\nE       #0 0x5641733fa10a <unknown>\nE       #1 0x564172f15460 <unknown>\nE       #2 0x564172f61f96 <unknown>\nE       #3 0x564172f62221 <unknown>\nE       #4 0x564172fa75d4 <unknown>\nE       #5 0x564172f8603d <unknown>\nE       #6 0x564172fa4af6 <unknown>\nE       #7 0x564172f85db3 <unknown>\nE       #8 0x564172f54c10 <unknown>\nE       #9 0x564172f55bee <unknown>\nE       #10 0x5641733c639b <unknown>\nE       #11 0x5641733ca338 <unknown>\nE       #12 0x5641733b3ebc <unknown>\nE       #13 0x5641733caeb7 <unknown>\nE       #14 0x56417339910f <unknown>\nE       #15 0x5641733e8828 <unknown>\nE       #16 0x5641733e89f0 <unknown>\nE       #17 0x5641733f8f86 <unknown>\nE       #18 0x7f5c17c6b144 <unknown>\n\n/usr/local/lib/python3.13/site-packages/selenium/webdriver/support/wait.py:105: TimeoutException","flaky":false,"newFailed":false,"newBroken":false,"newPassed":false,"retriesCount":0,"retriesStatusChange":false,"beforeStages":[{"name":"_session_faker","time":{"start":1729880002643,"stop":1729880002667,"duration":24},"status":"passed","steps":[],"attachments":[],"parameters":[],"shouldDisplayMessage":false,"stepsCount":0,"attachmentsCount":0,"hasContent":false,"attachmentStep":false},{"name":"driver","time":{"start":1729880078323,"stop":1729880078680,"duration":357},"status":"passed","steps":[],"attachments":[],"parameters":[],"shouldDisplayMessage":false,"stepsCount":0,"attachmentsCount":0,"hasContent":false,"attachmentStep":false},{"name":"check","time":{"start":1729880078680,"stop":1729880078680,"duration":0},"status":"passed","steps":[],"attachments":[],"parameters":[],"shouldDisplayMessage":false,"stepsCount":0,"attachmentsCount":0,"hasContent":false,"attachmentStep":false}],"testStage":{"description":"Checking different types of clicks (double, right, left)","status":"broken","statusMessage":"selenium.common.exceptions.TimeoutException: Message: Can't find element by locator ('css selector', '#rightClickMessage')\nStacktrace:\n#0 0x5641733fa10a <unknown>\n#1 0x564172f15460 <unknown>\n#2 0x564172f61f96 <unknown>\n#3 0x564172f62221 <unknown>\n#4 0x564172fa75d4 <unknown>\n#5 0x564172f8603d <unknown>\n#6 0x564172fa4af6 <unknown>\n#7 0x564172f85db3 <unknown>\n#8 0x564172f54c10 <unknown>\n#9 0x564172f55bee <unknown>\n#10 0x5641733c639b <unknown>\n#11 0x5641733ca338 <unknown>\n#12 0x5641733b3ebc <unknown>\n#13 0x5641733caeb7 <unknown>\n#14 0x56417339910f <unknown>\n#15 0x5641733e8828 <unknown>\n#16 0x5641733e89f0 <unknown>\n#17 0x5641733f8f86 <unknown>\n#18 0x7f5c17c6b144 <unknown>","statusTrace":"self = <test_elements.TestElements.TestButtons object at 0x7f40ae8356d0>\ndriver = <selenium.webdriver.chrome.webdriver.WebDriver (session=\"6c32d2320e14607da4c7b89d768684ec\")>\ncheck = <pytest_check.context_manager.CheckContextManager object at 0x7f40af0338c0>\n\n    @allure.description('Checking different types of clicks (double, right, left)')\n    def test_different_click_types_on_the_buttons(self, driver, check):\n        page = ButtonsPage(driver, URL.BUTTONS)\n        page.open_page()\n    \n        double_click = page.click_on_different_buttons('double')\n>       right_click = page.click_on_different_buttons('right')\n\ntests/test_elements.py:122: \n_ _ _ _ _ _ _ _ _ _ _ _ _ _ _ _ _ _ _ _ _ _ _ _ _ _ _ _ _ _ _ _ _ _ _ _ _ _ _ _ \npages/elements_page.py:206: in click_on_different_buttons\n    return self.get_output_msg_on_click(self.locators.RIGHT_CLICK_MSG)\npages/elements_page.py:196: in get_output_msg_on_click\n    return self.find_element(locator).text\npages/base_page.py:22: in find_element\n    return self.wait.until(EC.element_to_be_clickable(locator),\n_ _ _ _ _ _ _ _ _ _ _ _ _ _ _ _ _ _ _ _ _ _ _ _ _ _ _ _ _ _ _ _ _ _ _ _ _ _ _ _ \n\nself = <selenium.webdriver.support.wait.WebDriverWait (session=\"6c32d2320e14607da4c7b89d768684ec\")>\nmethod = <function element_to_be_clickable.<locals>._predicate at 0x7f40aca036a0>\nmessage = \"Can't find element by locator ('css selector', '#rightClickMessage')\"\n\n    def until(self, method: Callable[[D], Union[Literal[False], T]], message: str = \"\") -> T:\n        \"\"\"Calls the method provided with the driver as an argument until the \\\n        return value does not evaluate to ``False``.\n    \n        :param method: callable(WebDriver)\n        :param message: optional message for :exc:`TimeoutException`\n        :returns: the result of the last call to `method`\n        :raises: :exc:`selenium.common.exceptions.TimeoutException` if timeout occurs\n        \"\"\"\n        screen = None\n        stacktrace = None\n    \n        end_time = time.monotonic() + self._timeout\n        while True:\n            try:\n                value = method(self._driver)\n                if value:\n                    return value\n            except self._ignored_exceptions as exc:\n                screen = getattr(exc, \"screen\", None)\n                stacktrace = getattr(exc, \"stacktrace\", None)\n            time.sleep(self._poll)\n            if time.monotonic() > end_time:\n                break\n>       raise TimeoutException(message, screen, stacktrace)\nE       selenium.common.exceptions.TimeoutException: Message: Can't find element by locator ('css selector', '#rightClickMessage')\nE       Stacktrace:\nE       #0 0x5641733fa10a <unknown>\nE       #1 0x564172f15460 <unknown>\nE       #2 0x564172f61f96 <unknown>\nE       #3 0x564172f62221 <unknown>\nE       #4 0x564172fa75d4 <unknown>\nE       #5 0x564172f8603d <unknown>\nE       #6 0x564172fa4af6 <unknown>\nE       #7 0x564172f85db3 <unknown>\nE       #8 0x564172f54c10 <unknown>\nE       #9 0x564172f55bee <unknown>\nE       #10 0x5641733c639b <unknown>\nE       #11 0x5641733ca338 <unknown>\nE       #12 0x5641733b3ebc <unknown>\nE       #13 0x5641733caeb7 <unknown>\nE       #14 0x56417339910f <unknown>\nE       #15 0x5641733e8828 <unknown>\nE       #16 0x5641733e89f0 <unknown>\nE       #17 0x5641733f8f86 <unknown>\nE       #18 0x7f5c17c6b144 <unknown>\n\n/usr/local/lib/python3.13/site-packages/selenium/webdriver/support/wait.py:105: TimeoutException","steps":[{"name":"Open https://demoqa.com/buttons page","time":{"start":1729880078681,"stop":1729880080027,"duration":1346},"status":"passed","steps":[],"attachments":[],"parameters":[],"shouldDisplayMessage":false,"stepsCount":0,"attachmentsCount":0,"hasContent":false,"attachmentStep":false},{"name":"Double click the Double Click Me button","time":{"start":1729880080027,"stop":1729880080446,"duration":419},"status":"passed","steps":[{"name":"Double click","time":{"start":1729880080028,"stop":1729880080396,"duration":368},"status":"passed","steps":[],"attachments":[],"parameters":[{"name":"locator","value":"('css selector', '#doubleClickBtn')"}],"shouldDisplayMessage":false,"stepsCount":0,"attachmentsCount":0,"hasContent":true,"attachmentStep":false},{"name":"Get output message text on click","time":{"start":1729880080396,"stop":1729880080446,"duration":50},"status":"passed","steps":[],"attachments":[],"parameters":[{"name":"locator","value":"('css selector', '#doubleClickMessage')"}],"shouldDisplayMessage":false,"stepsCount":0,"attachmentsCount":0,"hasContent":true,"attachmentStep":false}],"attachments":[],"parameters":[],"shouldDisplayMessage":false,"stepsCount":2,"attachmentsCount":0,"hasContent":true,"attachmentStep":false},{"name":"Right click the Right Click Me button","time":{"start":1729880080446,"stop":1729880091045,"duration":10599},"status":"broken","statusMessage":"selenium.common.exceptions.TimeoutException: Message: Can't find element by locator ('css selector', '#rightClickMessage')\nStacktrace:\n#0 0x5641733fa10a <unknown>\n#1 0x564172f15460 <unknown>\n#2 0x564172f61f96 <unknown>\n#3 0x564172f62221 <unknown>\n#4 0x564172fa75d4 <unknown>\n#5 0x564172f8603d <unknown>\n#6 0x564172fa4af6 <unknown>\n#7 0x564172f85db3 <unknown>\n#8 0x564172f54c10 <unknown>\n#9 0x564172f55bee <unknown>\n#10 0x5641733c639b <unknown>\n#11 0x5641733ca338 <unknown>\n#12 0x5641733b3ebc <unknown>\n#13 0x5641733caeb7 <unknown>\n#14 0x56417339910f <unknown>\n#15 0x5641733e8828 <unknown>\n#16 0x5641733e89f0 <unknown>\n#17 0x5641733f8f86 <unknown>\n#18 0x7f5c17c6b144 <unknown>\n\n","statusTrace":"  File \"/test_project/pages/elements_page.py\", line 206, in click_on_different_buttons\n    return self.get_output_msg_on_click(self.locators.RIGHT_CLICK_MSG)\n           ~~~~~~~~~~~~~~~~~~~~~~~~~~~~^^^^^^^^^^^^^^^^^^^^^^^^^^^^^^^\n  File \"/usr/local/lib/python3.13/site-packages/allure_commons/_allure.py\", line 192, in impl\n    return func(*a, **kw)\n  File \"/test_project/pages/elements_page.py\", line 196, in get_output_msg_on_click\n    return self.find_element(locator).text\n           ~~~~~~~~~~~~~~~~~^^^^^^^^^\n  File \"/test_project/pages/base_page.py\", line 22, in find_element\n    return self.wait.until(EC.element_to_be_clickable(locator),\n           ~~~~~~~~~~~~~~~^^^^^^^^^^^^^^^^^^^^^^^^^^^^^^^^^^^^^\n                           message=f\"Can't find element by locator {locator}\")\n                           ^^^^^^^^^^^^^^^^^^^^^^^^^^^^^^^^^^^^^^^^^^^^^^^^^^^\n  File \"/usr/local/lib/python3.13/site-packages/selenium/webdriver/support/wait.py\", line 105, in until\n    raise TimeoutException(message, screen, stacktrace)\n","steps":[{"name":"Right click","time":{"start":1729880080446,"stop":1729880080729,"duration":283},"status":"passed","steps":[],"attachments":[],"parameters":[{"name":"locator","value":"('css selector', '#rightClickBtn')"}],"shouldDisplayMessage":false,"stepsCount":0,"attachmentsCount":0,"hasContent":true,"attachmentStep":false},{"name":"Get output message text on click","time":{"start":1729880080729,"stop":1729880091044,"duration":10315},"status":"broken","statusMessage":"selenium.common.exceptions.TimeoutException: Message: Can't find element by locator ('css selector', '#rightClickMessage')\nStacktrace:\n#0 0x5641733fa10a <unknown>\n#1 0x564172f15460 <unknown>\n#2 0x564172f61f96 <unknown>\n#3 0x564172f62221 <unknown>\n#4 0x564172fa75d4 <unknown>\n#5 0x564172f8603d <unknown>\n#6 0x564172fa4af6 <unknown>\n#7 0x564172f85db3 <unknown>\n#8 0x564172f54c10 <unknown>\n#9 0x564172f55bee <unknown>\n#10 0x5641733c639b <unknown>\n#11 0x5641733ca338 <unknown>\n#12 0x5641733b3ebc <unknown>\n#13 0x5641733caeb7 <unknown>\n#14 0x56417339910f <unknown>\n#15 0x5641733e8828 <unknown>\n#16 0x5641733e89f0 <unknown>\n#17 0x5641733f8f86 <unknown>\n#18 0x7f5c17c6b144 <unknown>\n\n","statusTrace":"  File \"/usr/local/lib/python3.13/site-packages/allure_commons/_allure.py\", line 192, in impl\n    return func(*a, **kw)\n  File \"/test_project/pages/elements_page.py\", line 196, in get_output_msg_on_click\n    return self.find_element(locator).text\n           ~~~~~~~~~~~~~~~~~^^^^^^^^^\n  File \"/test_project/pages/base_page.py\", line 22, in find_element\n    return self.wait.until(EC.element_to_be_clickable(locator),\n           ~~~~~~~~~~~~~~~^^^^^^^^^^^^^^^^^^^^^^^^^^^^^^^^^^^^^\n                           message=f\"Can't find element by locator {locator}\")\n                           ^^^^^^^^^^^^^^^^^^^^^^^^^^^^^^^^^^^^^^^^^^^^^^^^^^^\n  File \"/usr/local/lib/python3.13/site-packages/selenium/webdriver/support/wait.py\", line 105, in until\n    raise TimeoutException(message, screen, stacktrace)\n","steps":[],"attachments":[],"parameters":[{"name":"locator","value":"('css selector', '#rightClickMessage')"}],"shouldDisplayMessage":true,"stepsCount":0,"attachmentsCount":0,"hasContent":true,"attachmentStep":false}],"attachments":[],"parameters":[],"shouldDisplayMessage":false,"stepsCount":2,"attachmentsCount":0,"hasContent":true,"attachmentStep":false}],"attachments":[{"uid":"21e58d323e420bcb","name":"stdout","source":"21e58d323e420bcb.txt","type":"text/plain","size":36}],"parameters":[],"shouldDisplayMessage":true,"stepsCount":7,"attachmentsCount":1,"hasContent":true,"attachmentStep":false},"afterStages":[{"name":"driver::0","time":{"start":1729880091065,"stop":1729880091585,"duration":520},"status":"passed","steps":[],"attachments":[{"uid":"9667df7e08f026c9","name":"Screenshot 2024-10-25 18:14:51.506348","source":"9667df7e08f026c9.png","type":"image/png","size":761649}],"parameters":[],"shouldDisplayMessage":false,"stepsCount":0,"attachmentsCount":1,"hasContent":true,"attachmentStep":false}],"labels":[{"name":"feature","value":"Buttons"},{"name":"suite","value":"Elements"},{"name":"parentSuite","value":"tests"},{"name":"subSuite","value":"TestElements"},{"name":"host","value":"0568105c1963"},{"name":"thread","value":"8-MainThread"},{"name":"framework","value":"pytest"},{"name":"language","value":"cpython3"},{"name":"package","value":"tests.test_elements"},{"name":"resultFormat","value":"allure2"}],"parameters":[],"links":[],"hidden":false,"retry":false,"extra":{"severity":"normal","retries":[],"categories":[{"name":"Test defects","matchedStatuses":[],"flaky":false}],"history":{"statistic":{"failed":0,"broken":2,"skipped":0,"passed":6,"unknown":0,"total":8},"items":[{"uid":"e6f15de36d1541b7","status":"broken","statusDetails":"selenium.common.exceptions.TimeoutException: Message: Can't find element by locator ('css selector', '#doubleClickMessage')\nStacktrace:\n#0 0x5646e3b37b9a <unknown>\n#1 0x5646e381d670 <unknown>\n#2 0x5646e386cc48 <unknown>\n#3 0x5646e386cee1 <unknown>\n#4 0x5646e38b3924 <unknown>\n#5 0x5646e3891bad <unknown>\n#6 0x5646e38b0dd6 <unknown>\n#7 0x5646e3891923 <unknown>\n#8 0x5646e385f6e7 <unknown>\n#9 0x5646e38606de <unknown>\n#10 0x5646e3b0166b <unknown>\n#11 0x5646e3b05611 <unknown>\n#12 0x5646e3aed4e5 <unknown>\n#13 0x5646e3b06192 <unknown>\n#14 0x5646e3ad26ef <unknown>\n#15 0x5646e3b269d8 <unknown>\n#16 0x5646e3b26ba7 <unknown>\n#17 0x5646e3b369ec <unknown>\n#18 0x7f854bc3b144 <unknown>","time":{"start":1728682654061,"stop":1728682668241,"duration":14180}},{"uid":"3b11267e80d3855b","status":"passed","time":{"start":1727388797701,"stop":1727388800528,"duration":2827}},{"uid":"22ed0a2f8acb7767","status":"passed","time":{"start":1727388073405,"stop":1727388076360,"duration":2955}},{"uid":"e02f5852756bd3ec","status":"passed","time":{"start":1727385657096,"stop":1727385659961,"duration":2865}},{"uid":"9219a1923eb770cc","status":"passed","time":{"start":1727384492439,"stop":1727384497150,"duration":4711}},{"uid":"34a9518889848337","status":"passed","time":{"start":1727306026101,"stop":1727306028989,"duration":2888}},{"uid":"dec09d9d3dbfd85a","status":"passed","time":{"start":1727299580134,"stop":1727299587618,"duration":7484}}]},"tags":[]},"source":"cc6e396f954cfde7.json","parameterValues":[]}