{"uid":"f47739cf63d7885","name":"test_radio_button[No]","fullName":"tests.test_elements.TestRadioButton#test_radio_button","historyId":"811ef0d01f787a56ad9901a2ad4cd845","time":{"start":1727306000733,"stop":1727306011861,"duration":11128},"description":"Name of ticked radiobutton match the output result","descriptionHtml":"<p>Name of ticked radiobutton match the output result</p>\n","status":"broken","statusMessage":"selenium.common.exceptions.TimeoutException: Message: Can't find element by locator ('css selector', '.text-success')\nStacktrace:\n#0 0x55853458210a <unknown>\n#1 0x5585342685e0 <unknown>\n#2 0x5585342b7be8 <unknown>\n#3 0x5585342b7e81 <unknown>\n#4 0x5585342fe8c4 <unknown>\n#5 0x5585342dcb4d <unknown>\n#6 0x5585342fbd7d <unknown>\n#7 0x5585342dc8c3 <unknown>\n#8 0x5585342aa6b3 <unknown>\n#9 0x5585342ab68e <unknown>\n#10 0x55853454cb0b <unknown>\n#11 0x558534550a91 <unknown>\n#12 0x558534539305 <unknown>\n#13 0x558534551612 <unknown>\n#14 0x55853451e46f <unknown>\n#15 0x558534571008 <unknown>\n#16 0x5585345711d3 <unknown>\n#17 0x558534580f5c <unknown>\n#18 0x7f611576b144 <unknown>","statusTrace":"self = <test_elements.TestElements.TestRadioButton object at 0x7f38cdab91f0>\ndriver = <selenium.webdriver.chrome.webdriver.WebDriver (session=\"f383cc9e2ddbb676a61598575ed64e7f\")>\nbutton_name = 'No'\n\n    @allure.description('Name of ticked radiobutton match the output result')\n    @pytest.mark.parametrize('button_name', ['Yes', 'Impressive', 'No'])\n    def test_radio_button(self, driver, button_name):\n        page = RadioButtonPage(driver, URL.RADIO_BUTTON)\n        page.open_page()\n    \n        page.click_radio_button(button_name)\n>       output = page.get_output_result_text()\n\ntests/test_elements.py:55: \n_ _ _ _ _ _ _ _ _ _ _ _ _ _ _ _ _ _ _ _ _ _ _ _ _ _ _ _ _ _ _ _ _ _ _ _ _ _ _ _ \npages/elements_page.py:88: in get_output_result_text\n    return self.find_element(self.locators.OUTPUT_RESULT).text\npages/base_page.py:22: in find_element\n    return self.wait.until(EC.element_to_be_clickable(locator),\n_ _ _ _ _ _ _ _ _ _ _ _ _ _ _ _ _ _ _ _ _ _ _ _ _ _ _ _ _ _ _ _ _ _ _ _ _ _ _ _ \n\nself = <selenium.webdriver.support.wait.WebDriverWait (session=\"f383cc9e2ddbb676a61598575ed64e7f\")>\nmethod = <function element_to_be_clickable.<locals>._predicate at 0x7f38cbe5ede0>\nmessage = \"Can't find element by locator ('css selector', '.text-success')\"\n\n    def until(self, method: Callable[[D], Union[Literal[False], T]], message: str = \"\") -> T:\n        \"\"\"Calls the method provided with the driver as an argument until the \\\n        return value does not evaluate to ``False``.\n    \n        :param method: callable(WebDriver)\n        :param message: optional message for :exc:`TimeoutException`\n        :returns: the result of the last call to `method`\n        :raises: :exc:`selenium.common.exceptions.TimeoutException` if timeout occurs\n        \"\"\"\n        screen = None\n        stacktrace = None\n    \n        end_time = time.monotonic() + self._timeout\n        while True:\n            try:\n                value = method(self._driver)\n                if value:\n                    return value\n            except self._ignored_exceptions as exc:\n                screen = getattr(exc, \"screen\", None)\n                stacktrace = getattr(exc, \"stacktrace\", None)\n            time.sleep(self._poll)\n            if time.monotonic() > end_time:\n                break\n>       raise TimeoutException(message, screen, stacktrace)\nE       selenium.common.exceptions.TimeoutException: Message: Can't find element by locator ('css selector', '.text-success')\nE       Stacktrace:\nE       #0 0x55853458210a <unknown>\nE       #1 0x5585342685e0 <unknown>\nE       #2 0x5585342b7be8 <unknown>\nE       #3 0x5585342b7e81 <unknown>\nE       #4 0x5585342fe8c4 <unknown>\nE       #5 0x5585342dcb4d <unknown>\nE       #6 0x5585342fbd7d <unknown>\nE       #7 0x5585342dc8c3 <unknown>\nE       #8 0x5585342aa6b3 <unknown>\nE       #9 0x5585342ab68e <unknown>\nE       #10 0x55853454cb0b <unknown>\nE       #11 0x558534550a91 <unknown>\nE       #12 0x558534539305 <unknown>\nE       #13 0x558534551612 <unknown>\nE       #14 0x55853451e46f <unknown>\nE       #15 0x558534571008 <unknown>\nE       #16 0x5585345711d3 <unknown>\nE       #17 0x558534580f5c <unknown>\nE       #18 0x7f611576b144 <unknown>\n\n/usr/local/lib/python3.12/site-packages/selenium/webdriver/support/wait.py:105: TimeoutException","flaky":false,"newFailed":false,"newBroken":false,"newPassed":false,"retriesCount":0,"retriesStatusChange":false,"beforeStages":[{"name":"_session_faker","time":{"start":1727305957782,"stop":1727305957807,"duration":25},"status":"passed","steps":[],"attachments":[],"parameters":[],"shouldDisplayMessage":false,"stepsCount":0,"attachmentsCount":0,"hasContent":false,"attachmentStep":false},{"name":"driver","time":{"start":1727305996785,"stop":1727305997108,"duration":323},"status":"passed","steps":[],"attachments":[],"parameters":[],"shouldDisplayMessage":false,"stepsCount":0,"attachmentsCount":0,"hasContent":false,"attachmentStep":false}],"testStage":{"description":"Name of ticked radiobutton match the output result","status":"broken","statusMessage":"selenium.common.exceptions.TimeoutException: Message: Can't find element by locator ('css selector', '.text-success')\nStacktrace:\n#0 0x55853458210a <unknown>\n#1 0x5585342685e0 <unknown>\n#2 0x5585342b7be8 <unknown>\n#3 0x5585342b7e81 <unknown>\n#4 0x5585342fe8c4 <unknown>\n#5 0x5585342dcb4d <unknown>\n#6 0x5585342fbd7d <unknown>\n#7 0x5585342dc8c3 <unknown>\n#8 0x5585342aa6b3 <unknown>\n#9 0x5585342ab68e <unknown>\n#10 0x55853454cb0b <unknown>\n#11 0x558534550a91 <unknown>\n#12 0x558534539305 <unknown>\n#13 0x558534551612 <unknown>\n#14 0x55853451e46f <unknown>\n#15 0x558534571008 <unknown>\n#16 0x5585345711d3 <unknown>\n#17 0x558534580f5c <unknown>\n#18 0x7f611576b144 <unknown>","statusTrace":"self = <test_elements.TestElements.TestRadioButton object at 0x7f38cdab91f0>\ndriver = <selenium.webdriver.chrome.webdriver.WebDriver (session=\"f383cc9e2ddbb676a61598575ed64e7f\")>\nbutton_name = 'No'\n\n    @allure.description('Name of ticked radiobutton match the output result')\n    @pytest.mark.parametrize('button_name', ['Yes', 'Impressive', 'No'])\n    def test_radio_button(self, driver, button_name):\n        page = RadioButtonPage(driver, URL.RADIO_BUTTON)\n        page.open_page()\n    \n        page.click_radio_button(button_name)\n>       output = page.get_output_result_text()\n\ntests/test_elements.py:55: \n_ _ _ _ _ _ _ _ _ _ _ _ _ _ _ _ _ _ _ _ _ _ _ _ _ _ _ _ _ _ _ _ _ _ _ _ _ _ _ _ \npages/elements_page.py:88: in get_output_result_text\n    return self.find_element(self.locators.OUTPUT_RESULT).text\npages/base_page.py:22: in find_element\n    return self.wait.until(EC.element_to_be_clickable(locator),\n_ _ _ _ _ _ _ _ _ _ _ _ _ _ _ _ _ _ _ _ _ _ _ _ _ _ _ _ _ _ _ _ _ _ _ _ _ _ _ _ \n\nself = <selenium.webdriver.support.wait.WebDriverWait (session=\"f383cc9e2ddbb676a61598575ed64e7f\")>\nmethod = <function element_to_be_clickable.<locals>._predicate at 0x7f38cbe5ede0>\nmessage = \"Can't find element by locator ('css selector', '.text-success')\"\n\n    def until(self, method: Callable[[D], Union[Literal[False], T]], message: str = \"\") -> T:\n        \"\"\"Calls the method provided with the driver as an argument until the \\\n        return value does not evaluate to ``False``.\n    \n        :param method: callable(WebDriver)\n        :param message: optional message for :exc:`TimeoutException`\n        :returns: the result of the last call to `method`\n        :raises: :exc:`selenium.common.exceptions.TimeoutException` if timeout occurs\n        \"\"\"\n        screen = None\n        stacktrace = None\n    \n        end_time = time.monotonic() + self._timeout\n        while True:\n            try:\n                value = method(self._driver)\n                if value:\n                    return value\n            except self._ignored_exceptions as exc:\n                screen = getattr(exc, \"screen\", None)\n                stacktrace = getattr(exc, \"stacktrace\", None)\n            time.sleep(self._poll)\n            if time.monotonic() > end_time:\n                break\n>       raise TimeoutException(message, screen, stacktrace)\nE       selenium.common.exceptions.TimeoutException: Message: Can't find element by locator ('css selector', '.text-success')\nE       Stacktrace:\nE       #0 0x55853458210a <unknown>\nE       #1 0x5585342685e0 <unknown>\nE       #2 0x5585342b7be8 <unknown>\nE       #3 0x5585342b7e81 <unknown>\nE       #4 0x5585342fe8c4 <unknown>\nE       #5 0x5585342dcb4d <unknown>\nE       #6 0x5585342fbd7d <unknown>\nE       #7 0x5585342dc8c3 <unknown>\nE       #8 0x5585342aa6b3 <unknown>\nE       #9 0x5585342ab68e <unknown>\nE       #10 0x55853454cb0b <unknown>\nE       #11 0x558534550a91 <unknown>\nE       #12 0x558534539305 <unknown>\nE       #13 0x558534551612 <unknown>\nE       #14 0x55853451e46f <unknown>\nE       #15 0x558534571008 <unknown>\nE       #16 0x5585345711d3 <unknown>\nE       #17 0x558534580f5c <unknown>\nE       #18 0x7f611576b144 <unknown>\n\n/usr/local/lib/python3.12/site-packages/selenium/webdriver/support/wait.py:105: TimeoutException","steps":[{"name":"Open https://demoqa.com/radio-button page","time":{"start":1727306000733,"stop":1727306001086,"duration":353},"status":"passed","steps":[],"attachments":[],"parameters":[],"shouldDisplayMessage":false,"stepsCount":0,"attachmentsCount":0,"hasContent":false,"attachmentStep":false},{"name":"Click \"No\" radio button","time":{"start":1727306001086,"stop":1727306001555,"duration":469},"status":"passed","steps":[],"attachments":[],"parameters":[],"shouldDisplayMessage":false,"stepsCount":0,"attachmentsCount":0,"hasContent":false,"attachmentStep":false},{"name":"Get output result","time":{"start":1727306001555,"stop":1727306011860,"duration":10305},"status":"broken","statusMessage":"selenium.common.exceptions.TimeoutException: Message: Can't find element by locator ('css selector', '.text-success')\nStacktrace:\n#0 0x55853458210a <unknown>\n#1 0x5585342685e0 <unknown>\n#2 0x5585342b7be8 <unknown>\n#3 0x5585342b7e81 <unknown>\n#4 0x5585342fe8c4 <unknown>\n#5 0x5585342dcb4d <unknown>\n#6 0x5585342fbd7d <unknown>\n#7 0x5585342dc8c3 <unknown>\n#8 0x5585342aa6b3 <unknown>\n#9 0x5585342ab68e <unknown>\n#10 0x55853454cb0b <unknown>\n#11 0x558534550a91 <unknown>\n#12 0x558534539305 <unknown>\n#13 0x558534551612 <unknown>\n#14 0x55853451e46f <unknown>\n#15 0x558534571008 <unknown>\n#16 0x5585345711d3 <unknown>\n#17 0x558534580f5c <unknown>\n#18 0x7f611576b144 <unknown>\n\n","statusTrace":"  File \"/usr/local/lib/python3.12/site-packages/allure_commons/_allure.py\", line 192, in impl\n    return func(*a, **kw)\n           ^^^^^^^^^^^^^^\n  File \"/test_project/pages/elements_page.py\", line 88, in get_output_result_text\n    return self.find_element(self.locators.OUTPUT_RESULT).text\n           ^^^^^^^^^^^^^^^^^^^^^^^^^^^^^^^^^^^^^^^^^^^^^^\n  File \"/test_project/pages/base_page.py\", line 22, in find_element\n    return self.wait.until(EC.element_to_be_clickable(locator),\n           ^^^^^^^^^^^^^^^^^^^^^^^^^^^^^^^^^^^^^^^^^^^^^^^^^^^^\n  File \"/usr/local/lib/python3.12/site-packages/selenium/webdriver/support/wait.py\", line 105, in until\n    raise TimeoutException(message, screen, stacktrace)\n","steps":[],"attachments":[],"parameters":[],"shouldDisplayMessage":true,"stepsCount":0,"attachmentsCount":0,"hasContent":true,"attachmentStep":false}],"attachments":[{"uid":"3562648f156d069","name":"stdout","source":"3562648f156d069.txt","type":"text/plain","size":14}],"parameters":[],"shouldDisplayMessage":true,"stepsCount":3,"attachmentsCount":1,"hasContent":true,"attachmentStep":false},"afterStages":[{"name":"driver::0","time":{"start":1727306011914,"stop":1727306012165,"duration":251},"status":"passed","steps":[],"attachments":[{"uid":"4b8e5c82e7ca16dc","name":"Screenshot 2024-09-25 23:13:32.086380","source":"4b8e5c82e7ca16dc.png","type":"image/png","size":408438}],"parameters":[],"shouldDisplayMessage":false,"stepsCount":0,"attachmentsCount":1,"hasContent":true,"attachmentStep":false}],"labels":[{"name":"feature","value":"RadioButton"},{"name":"suite","value":"Elements"},{"name":"parentSuite","value":"tests"},{"name":"subSuite","value":"TestElements"},{"name":"host","value":"8e9b0438859b"},{"name":"thread","value":"8-MainThread"},{"name":"framework","value":"pytest"},{"name":"language","value":"cpython3"},{"name":"package","value":"tests.test_elements"},{"name":"resultFormat","value":"allure2"}],"parameters":[{"name":"button_name","value":"'No'"}],"links":[],"hidden":false,"retry":false,"extra":{"severity":"normal","retries":[],"categories":[{"name":"Test defects","matchedStatuses":[],"flaky":false}],"history":{"statistic":{"failed":0,"broken":2,"skipped":0,"passed":0,"unknown":0,"total":2},"items":[{"uid":"753750f19e1650b7","status":"broken","statusDetails":"selenium.common.exceptions.TimeoutException: Message: Can't find element by locator ('css selector', '.text-success')\nStacktrace:\n#0 0x56507667910a <unknown>\n#1 0x56507635f5e0 <unknown>\n#2 0x5650763aebe8 <unknown>\n#3 0x5650763aee81 <unknown>\n#4 0x5650763f58c4 <unknown>\n#5 0x5650763d3b4d <unknown>\n#6 0x5650763f2d7d <unknown>\n#7 0x5650763d38c3 <unknown>\n#8 0x5650763a16b3 <unknown>\n#9 0x5650763a268e <unknown>\n#10 0x565076643b0b <unknown>\n#11 0x565076647a91 <unknown>\n#12 0x565076630305 <unknown>\n#13 0x565076648612 <unknown>\n#14 0x56507661546f <unknown>\n#15 0x565076668008 <unknown>\n#16 0x5650766681d3 <unknown>\n#17 0x565076677f5c <unknown>\n#18 0x7f9029945144 <unknown>","time":{"start":1727299554019,"stop":1727299565298,"duration":11279}}]},"tags":[]},"source":"f47739cf63d7885.json","parameterValues":["'No'"]}