{"uid":"f7f72e35820fab4c","name":"test_dynamic_properties","fullName":"tests.test_elements.TestDynamicProperties#test_dynamic_properties","historyId":"3fb0a4563465a5af772b9abc031c7da4","time":{"start":1727384514127,"stop":1727384524781,"duration":10654},"description":"Check if the \"Enable\" button will be enabled after 5 seconds","descriptionHtml":"<p>Check if the &quot;Enable&quot; button will be enabled after 5 seconds</p>\n","status":"broken","statusMessage":"selenium.common.exceptions.TimeoutException: Message: Can't find element by locator ('css selector', '#enableAfter')\nStacktrace:\n#0 0x55909a0e710a <unknown>\n#1 0x559099dcd5e0 <unknown>\n#2 0x559099e1cbe8 <unknown>\n#3 0x559099e1ce81 <unknown>\n#4 0x559099e638c4 <unknown>\n#5 0x559099e41b4d <unknown>\n#6 0x559099e60d7d <unknown>\n#7 0x559099e418c3 <unknown>\n#8 0x559099e0f6b3 <unknown>\n#9 0x559099e1068e <unknown>\n#10 0x55909a0b1b0b <unknown>\n#11 0x55909a0b5a91 <unknown>\n#12 0x55909a09e305 <unknown>\n#13 0x55909a0b6612 <unknown>\n#14 0x55909a08346f <unknown>\n#15 0x55909a0d6008 <unknown>\n#16 0x55909a0d61d3 <unknown>\n#17 0x55909a0e5f5c <unknown>\n#18 0x7fc7fa616144 <unknown>","statusTrace":"self = <test_elements.TestElements.TestDynamicProperties object at 0x7ff50e5d6b70>\ndriver = <selenium.webdriver.chrome.webdriver.WebDriver (session=\"ab44ab19b9451d6753e8dd7f7346d881\")>\n\n    @allure.description('Check if the \"Enable\" button will be enabled after 5 seconds')\n    def test_dynamic_properties(self, driver):\n        page = DynamicPropertiesPage(driver, URL.DYNAMIC_PROPERTIES)\n        page.open_page()\n    \n>       assert page.is_enable_button_enabled() is False, 'The initial state of the button is \"enabled\"'\n\ntests/test_elements.py:177: \n_ _ _ _ _ _ _ _ _ _ _ _ _ _ _ _ _ _ _ _ _ _ _ _ _ _ _ _ _ _ _ _ _ _ _ _ _ _ _ _ \npages/elements_page.py:277: in is_enable_button_enabled\n    return self.find_visible_element(self.locators.WILL_ENABLE_BTN).is_enabled()\npages/base_page.py:26: in find_visible_element\n    return self.wait.until(EC.visibility_of_element_located(locator),\n_ _ _ _ _ _ _ _ _ _ _ _ _ _ _ _ _ _ _ _ _ _ _ _ _ _ _ _ _ _ _ _ _ _ _ _ _ _ _ _ \n\nself = <selenium.webdriver.support.wait.WebDriverWait (session=\"ab44ab19b9451d6753e8dd7f7346d881\")>\nmethod = <function visibility_of_element_located.<locals>._predicate at 0x7ff50cca58a0>\nmessage = \"Can't find element by locator ('css selector', '#enableAfter')\"\n\n    def until(self, method: Callable[[D], Union[Literal[False], T]], message: str = \"\") -> T:\n        \"\"\"Calls the method provided with the driver as an argument until the \\\n        return value does not evaluate to ``False``.\n    \n        :param method: callable(WebDriver)\n        :param message: optional message for :exc:`TimeoutException`\n        :returns: the result of the last call to `method`\n        :raises: :exc:`selenium.common.exceptions.TimeoutException` if timeout occurs\n        \"\"\"\n        screen = None\n        stacktrace = None\n    \n        end_time = time.monotonic() + self._timeout\n        while True:\n            try:\n                value = method(self._driver)\n                if value:\n                    return value\n            except self._ignored_exceptions as exc:\n                screen = getattr(exc, \"screen\", None)\n                stacktrace = getattr(exc, \"stacktrace\", None)\n            time.sleep(self._poll)\n            if time.monotonic() > end_time:\n                break\n>       raise TimeoutException(message, screen, stacktrace)\nE       selenium.common.exceptions.TimeoutException: Message: Can't find element by locator ('css selector', '#enableAfter')\nE       Stacktrace:\nE       #0 0x55909a0e710a <unknown>\nE       #1 0x559099dcd5e0 <unknown>\nE       #2 0x559099e1cbe8 <unknown>\nE       #3 0x559099e1ce81 <unknown>\nE       #4 0x559099e638c4 <unknown>\nE       #5 0x559099e41b4d <unknown>\nE       #6 0x559099e60d7d <unknown>\nE       #7 0x559099e418c3 <unknown>\nE       #8 0x559099e0f6b3 <unknown>\nE       #9 0x559099e1068e <unknown>\nE       #10 0x55909a0b1b0b <unknown>\nE       #11 0x55909a0b5a91 <unknown>\nE       #12 0x55909a09e305 <unknown>\nE       #13 0x55909a0b6612 <unknown>\nE       #14 0x55909a08346f <unknown>\nE       #15 0x55909a0d6008 <unknown>\nE       #16 0x55909a0d61d3 <unknown>\nE       #17 0x55909a0e5f5c <unknown>\nE       #18 0x7fc7fa616144 <unknown>\n\n/usr/local/lib/python3.12/site-packages/selenium/webdriver/support/wait.py:105: TimeoutException","flaky":false,"newFailed":false,"newBroken":true,"newPassed":false,"retriesCount":0,"retriesStatusChange":false,"beforeStages":[{"name":"_session_faker","time":{"start":1727384397018,"stop":1727384397044,"duration":26},"status":"passed","steps":[],"attachments":[],"parameters":[],"shouldDisplayMessage":false,"stepsCount":0,"attachmentsCount":0,"hasContent":false,"attachmentStep":false},{"name":"driver","time":{"start":1727384513668,"stop":1727384514126,"duration":458},"status":"passed","steps":[],"attachments":[],"parameters":[],"shouldDisplayMessage":false,"stepsCount":0,"attachmentsCount":0,"hasContent":false,"attachmentStep":false}],"testStage":{"description":"Check if the \"Enable\" button will be enabled after 5 seconds","status":"broken","statusMessage":"selenium.common.exceptions.TimeoutException: Message: Can't find element by locator ('css selector', '#enableAfter')\nStacktrace:\n#0 0x55909a0e710a <unknown>\n#1 0x559099dcd5e0 <unknown>\n#2 0x559099e1cbe8 <unknown>\n#3 0x559099e1ce81 <unknown>\n#4 0x559099e638c4 <unknown>\n#5 0x559099e41b4d <unknown>\n#6 0x559099e60d7d <unknown>\n#7 0x559099e418c3 <unknown>\n#8 0x559099e0f6b3 <unknown>\n#9 0x559099e1068e <unknown>\n#10 0x55909a0b1b0b <unknown>\n#11 0x55909a0b5a91 <unknown>\n#12 0x55909a09e305 <unknown>\n#13 0x55909a0b6612 <unknown>\n#14 0x55909a08346f <unknown>\n#15 0x55909a0d6008 <unknown>\n#16 0x55909a0d61d3 <unknown>\n#17 0x55909a0e5f5c <unknown>\n#18 0x7fc7fa616144 <unknown>","statusTrace":"self = <test_elements.TestElements.TestDynamicProperties object at 0x7ff50e5d6b70>\ndriver = <selenium.webdriver.chrome.webdriver.WebDriver (session=\"ab44ab19b9451d6753e8dd7f7346d881\")>\n\n    @allure.description('Check if the \"Enable\" button will be enabled after 5 seconds')\n    def test_dynamic_properties(self, driver):\n        page = DynamicPropertiesPage(driver, URL.DYNAMIC_PROPERTIES)\n        page.open_page()\n    \n>       assert page.is_enable_button_enabled() is False, 'The initial state of the button is \"enabled\"'\n\ntests/test_elements.py:177: \n_ _ _ _ _ _ _ _ _ _ _ _ _ _ _ _ _ _ _ _ _ _ _ _ _ _ _ _ _ _ _ _ _ _ _ _ _ _ _ _ \npages/elements_page.py:277: in is_enable_button_enabled\n    return self.find_visible_element(self.locators.WILL_ENABLE_BTN).is_enabled()\npages/base_page.py:26: in find_visible_element\n    return self.wait.until(EC.visibility_of_element_located(locator),\n_ _ _ _ _ _ _ _ _ _ _ _ _ _ _ _ _ _ _ _ _ _ _ _ _ _ _ _ _ _ _ _ _ _ _ _ _ _ _ _ \n\nself = <selenium.webdriver.support.wait.WebDriverWait (session=\"ab44ab19b9451d6753e8dd7f7346d881\")>\nmethod = <function visibility_of_element_located.<locals>._predicate at 0x7ff50cca58a0>\nmessage = \"Can't find element by locator ('css selector', '#enableAfter')\"\n\n    def until(self, method: Callable[[D], Union[Literal[False], T]], message: str = \"\") -> T:\n        \"\"\"Calls the method provided with the driver as an argument until the \\\n        return value does not evaluate to ``False``.\n    \n        :param method: callable(WebDriver)\n        :param message: optional message for :exc:`TimeoutException`\n        :returns: the result of the last call to `method`\n        :raises: :exc:`selenium.common.exceptions.TimeoutException` if timeout occurs\n        \"\"\"\n        screen = None\n        stacktrace = None\n    \n        end_time = time.monotonic() + self._timeout\n        while True:\n            try:\n                value = method(self._driver)\n                if value:\n                    return value\n            except self._ignored_exceptions as exc:\n                screen = getattr(exc, \"screen\", None)\n                stacktrace = getattr(exc, \"stacktrace\", None)\n            time.sleep(self._poll)\n            if time.monotonic() > end_time:\n                break\n>       raise TimeoutException(message, screen, stacktrace)\nE       selenium.common.exceptions.TimeoutException: Message: Can't find element by locator ('css selector', '#enableAfter')\nE       Stacktrace:\nE       #0 0x55909a0e710a <unknown>\nE       #1 0x559099dcd5e0 <unknown>\nE       #2 0x559099e1cbe8 <unknown>\nE       #3 0x559099e1ce81 <unknown>\nE       #4 0x559099e638c4 <unknown>\nE       #5 0x559099e41b4d <unknown>\nE       #6 0x559099e60d7d <unknown>\nE       #7 0x559099e418c3 <unknown>\nE       #8 0x559099e0f6b3 <unknown>\nE       #9 0x559099e1068e <unknown>\nE       #10 0x55909a0b1b0b <unknown>\nE       #11 0x55909a0b5a91 <unknown>\nE       #12 0x55909a09e305 <unknown>\nE       #13 0x55909a0b6612 <unknown>\nE       #14 0x55909a08346f <unknown>\nE       #15 0x55909a0d6008 <unknown>\nE       #16 0x55909a0d61d3 <unknown>\nE       #17 0x55909a0e5f5c <unknown>\nE       #18 0x7fc7fa616144 <unknown>\n\n/usr/local/lib/python3.12/site-packages/selenium/webdriver/support/wait.py:105: TimeoutException","steps":[{"name":"Open https://demoqa.com/dynamic-properties page","time":{"start":1727384514127,"stop":1727384514501,"duration":374},"status":"passed","steps":[],"attachments":[],"parameters":[],"shouldDisplayMessage":false,"stepsCount":0,"attachmentsCount":0,"hasContent":false,"attachmentStep":false},{"name":"Check if the \"Enable\" button is enabled","time":{"start":1727384514501,"stop":1727384524780,"duration":10279},"status":"broken","statusMessage":"selenium.common.exceptions.TimeoutException: Message: Can't find element by locator ('css selector', '#enableAfter')\nStacktrace:\n#0 0x55909a0e710a <unknown>\n#1 0x559099dcd5e0 <unknown>\n#2 0x559099e1cbe8 <unknown>\n#3 0x559099e1ce81 <unknown>\n#4 0x559099e638c4 <unknown>\n#5 0x559099e41b4d <unknown>\n#6 0x559099e60d7d <unknown>\n#7 0x559099e418c3 <unknown>\n#8 0x559099e0f6b3 <unknown>\n#9 0x559099e1068e <unknown>\n#10 0x55909a0b1b0b <unknown>\n#11 0x55909a0b5a91 <unknown>\n#12 0x55909a09e305 <unknown>\n#13 0x55909a0b6612 <unknown>\n#14 0x55909a08346f <unknown>\n#15 0x55909a0d6008 <unknown>\n#16 0x55909a0d61d3 <unknown>\n#17 0x55909a0e5f5c <unknown>\n#18 0x7fc7fa616144 <unknown>\n\n","statusTrace":"  File \"/usr/local/lib/python3.12/site-packages/allure_commons/_allure.py\", line 192, in impl\n    return func(*a, **kw)\n           ^^^^^^^^^^^^^^\n  File \"/test_project/pages/elements_page.py\", line 277, in is_enable_button_enabled\n    return self.find_visible_element(self.locators.WILL_ENABLE_BTN).is_enabled()\n           ^^^^^^^^^^^^^^^^^^^^^^^^^^^^^^^^^^^^^^^^^^^^^^^^^^^^^^^^\n  File \"/test_project/pages/base_page.py\", line 26, in find_visible_element\n    return self.wait.until(EC.visibility_of_element_located(locator),\n           ^^^^^^^^^^^^^^^^^^^^^^^^^^^^^^^^^^^^^^^^^^^^^^^^^^^^^^^^^^\n  File \"/usr/local/lib/python3.12/site-packages/selenium/webdriver/support/wait.py\", line 105, in until\n    raise TimeoutException(message, screen, stacktrace)\n","steps":[],"attachments":[],"parameters":[],"shouldDisplayMessage":true,"stepsCount":0,"attachmentsCount":0,"hasContent":true,"attachmentStep":false}],"attachments":[{"uid":"50dcc2a71cad2a0f","name":"stdout","source":"50dcc2a71cad2a0f.txt","type":"text/plain","size":22}],"parameters":[],"shouldDisplayMessage":true,"stepsCount":2,"attachmentsCount":1,"hasContent":true,"attachmentStep":false},"afterStages":[{"name":"driver::0","time":{"start":1727384540130,"stop":1727384540402,"duration":272},"status":"passed","steps":[],"attachments":[{"uid":"ee950e52bce35b7d","name":"Screenshot 2024-09-26 21:02:20.306770","source":"ee950e52bce35b7d.png","type":"image/png","size":387911}],"parameters":[],"shouldDisplayMessage":false,"stepsCount":0,"attachmentsCount":1,"hasContent":true,"attachmentStep":false}],"labels":[{"name":"suite","value":"Elements"},{"name":"feature","value":"Dynamic Properties"},{"name":"parentSuite","value":"tests"},{"name":"subSuite","value":"TestElements"},{"name":"host","value":"6ebd0952072e"},{"name":"thread","value":"8-MainThread"},{"name":"framework","value":"pytest"},{"name":"language","value":"cpython3"},{"name":"package","value":"tests.test_elements"},{"name":"resultFormat","value":"allure2"}],"parameters":[],"links":[],"hidden":false,"retry":false,"extra":{"severity":"normal","retries":[],"categories":[{"name":"Test defects","matchedStatuses":[],"flaky":false}],"history":{"statistic":{"failed":0,"broken":1,"skipped":0,"passed":2,"unknown":0,"total":3},"items":[{"uid":"ef7be0f754929f3e","status":"passed","time":{"start":1727306041470,"stop":1727306047646,"duration":6176}},{"uid":"f1a0231b0809b76c","status":"passed","time":{"start":1727299598506,"stop":1727299606400,"duration":7894}}]},"tags":[]},"source":"f7f72e35820fab4c.json","parameterValues":[]}